    HD#     RA (2000)	Dec (2000) V-mag
	   (h m s)     (d m s)       
------  -----------  ----------- ----- 
 00001  00 00 00.00  00 00 00.0  4.78 
224889  00 01 35.85  -77 03 55.1  4.78 
    28  00 05 20.15  -05 42 28.2  4.61 
   720  00 11 34.42  -27 47 59.2  5.41 
   787  00 12 09.95  -17 56 17.6  5.29 
  1032  00 13 19.55  -84 59 38.5  5.78 
  1240  00 16 53.97  +49 27 42.9  6.52 
  1255  00 16 45.68  +10 14 41.1  6.51 
  1522  00 19 25.68  -08 49 25.8  3.56 
  1635  00 20 35.86  +08 11 24.9  5.38 
  1632  00 20 45.54  +32 54 40.4  5.79 
  1879  00 23 04.35  -15 56 33.4  6.43 
  2261  00 26 16.87  -42 18 18.4  2.40 
  2436  00 28 12.69  +16 26 42.4  6.05 
  2486  00 28 57.00  +48 24 49.4  7.04 
  2637  00 30 02.35  -03 57 26.3  5.72 
  3346  00 36 46.47  +44 29 18.6  5.14 
  3712  00 40 30.39  +56 32 14.7  2.24 
  4128  00 43 35.23  -17 59 12.1  2.04 
  4301  00 45 24.10  -04 37 45.3  6.15 
  4502  00 47 20.39  +24 16 02.6  4.08 
  4815  00 48 35.12  -74 55 24.1  5.09 
  5112  00 53 00.49  -01 08 39.2  4.78 
  5234  00 55 00.19  +58 58 22.1  4.83 
  5462  00 56 44.47  +26 20 24.0  7.70 
  6186  01 02 56.66  +07 53 24.3  4.27 
  6112  01 03 09.86  +53 08 25.6  7.39 
  5848  01 08 44.16  +86 15 25.6  4.24 
  6805  01 08 35.26  -10 10 54.9  3.46 
  6953  01 10 19.45  +25 27 28.9  5.81 
  7318  01 13 44.94  +24 35 01.6  4.67 
  7647  01 17 05.05  +44 54 07.5  6.11 
  8498  01 23 30.97  -30 56 43.8  5.84 
  8388  01 23 24.95  +20 28 08.4  5.97 
  8512  01 24 01.45  -08 10 57.9  3.60 
  8705  01 25 37.21  -14 35 55.5  4.90 
  8810  01 25 05.28  -64 22 10.0  5.92 
  9138  01 30 10.94  +06 08 38.2  4.84 
  9362  01 31 14.98  -49 04 23.1  3.93 
  9692  01 34 23.42  -28 14 11.9  6.87 
  9927  01 37 59.50  +48 37 42.6  3.59 
 10110  01 40 13.12  +53 52 05.8  6.35 
 10380  01 41 25.91  +05 29 15.4  4.45 
 10550  01 42 43.52  -03 41 24.4  4.98 
 11353  01 51 27.61  -10 20 05.8  3.74 
 12524  02 01 42.40  -44 42 48.2  5.15 
 12929  02 07 10.29  +23 27 46.0  2.01 
 13596  02 13 03.25  +15 16 47.7  5.72 
 13520  02 13 13.34  +44 13 54.1  4.84 
 14146  02 17 57.32  +29 00 26.2  6.68 
 14641  02 19 54.25  -55 56 41.4  5.81 
 14890  02 23 06.60  -37 34 33.8  6.47 
 14872  02 25 37.40  +50 16 43.2  4.73 
 15656  02 32 06.14  +36 08 50.0  5.15 
 16212  02 36 00.07  -07 49 53.2  5.53 
 16815  02 40 39.93  -39 51 19.1  4.11 
 17361  02 47 54.44  +29 14 50.7  4.52 
 18293  02 50 28.54  -75 04 00.8  4.76 
 17709  02 51 30.83  +35 03 35.6  4.56 
 18449  02 59 03.71  +35 10 59.2  4.94 
 19460  03 08 21.09  +18 47 42.3  6.24 
 19476  03 09 29.63  +44 51 28.4  3.79 
 19656  03 11 17.40  +39 36 41.7  4.61 
 20356  03 16 21.71  -05 43 49.5  6.30 
 20468  03 18 43.82  +34 13 21.6  4.85 
 20644  03 20 20.37  +29 02 54.6  4.47 
 20893  03 22 45.27  +20 44 31.6  5.10 
 21552  03 30 34.48  +47 59 42.6  4.36 
 22663  03 37 05.68  -40 16 28.2  4.57 
 23319  03 42 50.12  -37 18 48.0  4.59 
 23249  03 43 14.96  -09 45 54.7  3.52 
 23817  03 44 11.55  -64 48 25.5  3.84 
 25025  03 58 01.73  -13 30 29.7  2.97 
 25165  03 59 30.13  -12 34 27.6  5.61 
 25477  04 03 10.58  +08 52 57.5  6.65 
 25274  04 06 03.17  +68 40 47.9  5.88 
 26311  04 10 59.02  +33 35 12.5  5.75 
 26526  04 12 58.45  +32 31 58.0  6.69 
 26846  04 14 23.69  -10 15 21.2  4.87 
 26967  04 14 00.08  -42 17 37.9  3.85 
 27442  04 16 29.08  -59 18 06.3  4.44 
 27482  04 21 15.26  +27 21 00.9  7.21 
 27697  04 22 56.03  +17 32 33.3  3.77 
 27639  04 22 22.73  +20 49 17.1  5.91 
 28413  04 25 05.36  -61 14 17.7  5.94 
 28305  04 28 36.93  +19 10 49.9  3.53 
 28749  04 31 52.67  -00 02 38.4  4.91 
 29085  04 33 30.63  -29 45 57.0  4.49 
 29503  04 38 10.87  -14 18 12.9  3.86 
 30080  04 43 09.31  -30 45 55.4  5.66 
 31398  04 56 59.62  +33 09 58.1  2.69 
 31421  04 56 22.32  +13 30 52.5  4.06 
 31767  04 58 32.90  +01 42 50.5  4.47 
 30338  05 00 20.72  +81 11 38.5  5.09 
 31312  05 02 19.79  +74 16 09.4  6.05 
 32820  05 03 53.94  -41 44 43.2  6.30 
 32887  05 05 27.65  -22 22 15.1  3.19 
 33872  05 11 35.84  -37 23 43.1  6.57 
 33554  05 11 41.56  +16 02 44.4  5.18 
 33856  05 13 17.48  +02 51 40.5  4.46 
 34334  05 18 10.55  +33 22 19.2  4.54 
 34450  05 24 59.43  +73 42 25.9  6.48 
 35536  05 25 01.74  -10 19 43.8  5.60 
 36167  05 29 43.98  -01 05 31.8  4.71 
 37160  05 36 54.33  +09 17 29.1  4.09 
 36678  05 36 35.22  +54 25 43.3  5.74 
 37984  05 42 28.66  +01 28 28.8  4.90 
 39523  05 49 49.58  -56 09 59.4  4.50 
 39425  05 50 57.55  -35 46 09.5  3.12 
 39003  05 51 29.39  +39 08 54.5  3.97 
 39364  05 51 19.15  -20 52 39.0  3.76 
 38944  05 51 02.41  +37 18 20.5  4.72 
 39400  05 52 26.44  +01 51 18.6  4.76 
 40091  05 54 52.49  -39 57 28.5  5.55 
 39853  05 54 43.59  -11 46 27.3  5.62 
 40808  05 59 08.79  -42 48 54.4  3.96 
 40035  05 59 31.55  +54 17 05.9  3.72 
 41047  06 01 16.29  -33 54 42.4  5.54 
 41312  06 03 15.56  -26 17 05.1  5.03 
 42540  06 07 03.36  -62 09 15.9  5.04 
 42633  06 15 40.51  +59 59 56.5  5.37 
 43785  06 16 33.14  -35 08 26.6  4.37 
 45669  06 22 38.23  -69 59 02.9  5.56 
 45018  06 23 55.91  -25 34 39.1  5.61 
 44951  06 24 10.35  -11 31 48.0  5.21 
 46037  06 30 11.81  -19 12 53.4  6.44 
 46184  06 31 23.02  -12 23 30.9  5.16 
 46815  06 33 49.49  -36 13 56.2  5.42 
 47182  06 36 46.60  -13 19 15.5  5.95 
 47205  06 36 41.00  -19 15 20.6  3.95 
 47536  06 37 47.54  -32 20 23.6  5.25 
 47174  06 39 19.83  +42 29 20.4  4.80 
 47667  06 39 16.72  -14 08 44.7  4.82 
 45866  06 40 28.84  +77 59 44.9  5.75 
 48217  06 41 56.37  -09 10 02.7  5.21 
 48433  06 43 59.29  +13 13 41.3  4.49 
 47914  06 43 05.01  +44 31 28.3  5.04 
 49517  06 45 53.72  -52 24 35.0  5.81 
 49293  06 47 51.66  +02 24 43.9  4.48 
 49877  06 47 18.71  -55 32 24.2  5.60 
 50310  06 49 56.14  -50 36 51.8  2.94 
 49520  06 50 45.96  +41 46 53.6  4.99 
 50235  06 50 52.35  -34 22 02.4  4.99 
 49968  06 52 00.01  +23 36 06.3  5.68 
 53501  06 59 50.58  -67 55 01.2  5.18 
 52976  07 03 51.60  +12 35 39.3  6.01 
 52960  07 03 38.07  +10 57 06.6  5.14 
 53287  07 05 47.25  +31 23 35.8  6.64 
 53510  07 05 39.00  +09 11 09.0  5.78 
 55865  07 08 44.82  -70 29 57.1  3.78 
 55526  07 10 47.50  -48 55 57.3  5.12 
 54716  07 11 39.29  +39 19 14.0  4.91 
 55775  07 14 10.87  -03 54 06.3  5.80 
 57423  07 21 56.90  +20 26 37.4  5.09 
 57646  07 24 57.08  +51 53 14.4  5.80 
 59311  07 29 18.68  -01 54 19.1  5.60 
 59381  07 29 22.11  -10 19 36.0  5.75 
 59294  07 29 47.78  +12 00 23.8  4.55 
 59717  07 29 13.88  -43 18 06.8  3.25 
 61248  07 35 39.70  -52 32 01.7  4.93 
 60522  07 35 55.37  +26 53 45.6  4.06 
 62689  07 36 04.19  -77 38 02.9  6.72 
 61338  07 39 28.59  +17 40 28.3  5.04 
 61603  07 40 58.52  +23 01 06.8  5.93 
 61294  07 40 14.72  +38 20 40.4  5.77 
 61935  07 41 14.88  -09 33 03.9  3.94 
 63295  07 41 49.20  -72 36 22.1  3.93 
 62044  07 43 18.69  +28 53 02.7  4.23 
 62285  07 44 06.92  +25 47 03.2  5.30 
 62902  07 46 02.16  -06 46 20.2  5.49 
 62721  07 46 07.49  +18 30 36.6  4.89 
 63744  07 48 20.25  -47 04 39.1  4.69 
 63697  07 49 41.17  -17 13 41.2  5.17 
 63696  07 49 39.98  -14 05 07.3  6.34 
 65662  07 56 18.65  -60 31 35.3  5.74 
 65695  07 59 44.18  -03 40 46.5  4.93 
 64307  08 00 11.76  +73 55 04.8  5.37 
 66141  08 02 15.95  +02 20 03.5  4.39 
 67582  08 06 40.34  -45 15 57.8  5.04 
 71701  08 20 38.89  -77 29 04.5  4.34 
 70555  08 21 23.03  -33 03 15.7  4.83 
 70272  08 22 50.13  +43 11 18.1  4.25 
 71095  08 25 35.55  +02 06 08.1  5.74 
 71878  08 25 44.25  -66 08 11.5  3.77 
 71093  08 26 27.73  +27 53 37.9  5.58 
 72094  08 31 35.77  +18 05 40.4  5.33 
 73603  08 38 40.29  -19 44 12.9  6.32 
 73471  08 38 45.45  +03 20 29.3  4.45 
 73108  08 40 12.90  +64 19 40.3  4.59 
 74442  08 44 41.11  +18 09 17.5  3.94 
 74860  08 46 06.89  -11 00 24.5  6.22 
 75691  08 50 32.01  -27 42 36.2  4.02 
 76110  08 52 48.02  -38 43 26.9  5.79 
 76351  08 55 55.56  +11 37 33.8  5.44 
 77996  09 05 58.38  +05 05 32.4  4.99 
 77800  09 08 23.53  +66 52 24.0  5.15 
 79554  09 15 13.88  +14 56 29.5  5.36 
 79354  09 15 49.81  +56 44 29.3  5.28 
 80493  09 21 03.46  +34 23 33.1  3.14 
 81146  09 24 39.28  +26 10 56.8  4.47 
 81420  09 25 24.04  -05 07 02.6  5.60 
 81797  09 27 35.25  -08 39 31.3   1.99
 81799  09 27 18.30  -22 20 36.3  4.72 
 82381  09 31 57.58  +09 42 56.9  5.07 
 82668  09 31 13.35  -57 02 03.8  3.16 
 82308  09 31 43.24  +22 58 05.0  4.32 
 82660  09 32 55.78  -13 31 00.5  5.95 
 81817  09 37 05.35  +81 19 35.1  4.28 
 83425  09 38 27.39  +04 38 57.9  4.68 
 83126  09 39 27.92  +67 16 20.4  5.96 
 83618  09 39 51.33  -01 08 33.6  3.90 
 83787  09 41 35.11  +31 16 40.2  5.90 
 85503  09 52 45.96  +26 00 25.5  3.88 
 86378  09 59 51.72  +56 48 42.8  5.50 
 87837  10 07 54.32  +09 59 51.6  4.39 
 89388  10 17 05.01  -61 19 56.4  3.39 
 89682  10 19 36.77  -55 01 45.5  4.59 
 89998  10 22 19.61  -41 39 00.4  4.82 
 91056  10 28 52.60  -64 10 20.2  5.27 
 90957  10 29 29.01  -29 39 49.9  5.58 
 92305  10 35 28.22  -78 36 28.1  4.11 
 92682  10 39 15.94  -74 29 36.2  6.08 
 92523  10 43 04.04  +69 04 34.5  5.01 
 93813  10 49 37.43  -16 11 38.9  3.11 
 94336  10 53 34.85  +26 12 28.1  7.04 
 94247  10 53 34.52  +54 35 06.5  5.12 
 94264  10 53 18.64  +34 12 56.0  3.79 
 95272  10 59 46.75  -18 17 56.8  4.08 
 95314  11 00 11.70  -14 04 59.9  5.86 
 95212  11 00 14.70  +45 31 34.6  5.47 
 95578  11 01 49.67  -02 29 04.2  4.73 
 96833  11 09 39.86  +44 29 54.8  3.00 
 97576  11 13 14.69  -44 22 20.0  5.77 
 98118  11 17 17.37  +02 00 39.3  5.18 
 98262  11 18 28.76  +33 05 39.3  3.49 
 99167  11 24 36.61  -10 51 33.8  4.81 
 99998  11 30 18.88  -03 00 12.5  4.77 
100029  11 31 24.29  +69 19 52.0  3.82 
101666  11 41 43.95  -32 29 57.6  5.20 
102224  11 46 03.13  +47 46 45.6  3.69 
102461  11 47 19.17  -57 41 47.6  5.42 
102964  11 51 08.75  -45 10 24.4  4.47 
105340  12 07 50.09  -75 22 01.4  5.17 
105943  12 11 00.09  +81 42 35.4  6.00 
106321  12 14 02.73  -45 43 26.1  5.31 
107274  12 19 48.72  +48 59 02.9  5.28 
107328  12 20 21.15  +03 18 45.8  4.97 
108381  12 26 56.33  +28 16 07.0  4.35 
108985  12 31 21.43  +07 36 15.4  6.05 
109551  12 34 44.07  +70 01 18.4  4.95 
109511  12 35 07.76  +18 22 37.2  5.03 
110014  12 39 14.81  -07 59 43.8  4.66 
110458  12 42 35.56  -48 48 46.9  4.66 
111067  12 46 38.75  +16 34 39.5  5.12 
111335  12 47 34.34  +66 47 25.1  5.43 
111862  12 52 12.26  +17 04 26.2  6.32 
111915  12 53 06.98  -48 56 35.7  4.33 
112213  12 55 19.46  -42 54 56.5  5.46 
113092  12 59 55.28  +66 35 50.3  5.37 
113996  13 07 10.71  +27 37 29.7  4.80 
114326  13 09 47.89  +16 50 55.1  5.91 
114780  13 12 32.95  +11 33 22.2  5.76 
115046  13 14 31.24  +11 19 54.4  5.64 
115478  13 17 15.62  +13 40 32.3  5.33 
116870  13 26 43.24  -12 42 27.4  5.27 
116976  13 27 27.24  -15 58 25.1  4.76 
119193  13 42 54.64  -50 47 24.7  6.43 
120477  13 49 28.70  +15 47 52.1  4.05 
120933  13 51 47.49  +34 26 39.5  4.76 
121710  13 56 34.16  +27 29 31.9  5.02 
123139  14 06 41.32  -36 22 07.3  2.06 
123123  14 06 22.27  -26 40 55.3  3.25 
124547  14 08 51.01  +77 32 50.8  4.80 
124294  14 12 53.74  -10 16 26.6  4.18 
125560  14 19 45.32  +16 18 24.5  4.84 
125932  14 23 05.91  -27 45 13.4  4.78 
124882  14 26 55.74  -83 40 04.3  4.31 
126927  14 28 41.73  -06 54 01.5  5.42 
127093  14 28 46.02  +25 51 14.1  6.67 
127665  14 31 49.86  +30 22 16.1  3.57 
128000  14 32 30.93  +55 23 53.0  5.74 
128068  14 36 19.06  -46 14 43.8  5.55 
128620  14 39 40.90  -60 50 06.5  0100 
128902  14 38 12.67  +43 38 31.4  5.74 
130157  14 47 13.66  -21 19 29.6  6.05 
129078  14 47 51.73  -79 02 41.0  3.83 
130694  14 50 17.47  -27 57 36.8  4.42 
132833  15 01 19.81  -02 45 17.5  5.52 
133165  15 02 54.07  +02 05 28.6  4.39 
133550  15 06 13.95  -36 15 52.5  6.27 
133774  15 06 37.62  -16 15 24.3  5.19 
135758  15 17 49.84  -30 08 55.2  4.35 
136028  15 18 26.13  -00 27 40.5  5.88 
136422  15 21 48.44  -36 15 40.2  3.57 
137759  15 24 55.78  +58 57 57.7  3.29 
138265  15 27 51.44  +60 40 12.8  5.90 
137744  15 28 15.40  -16 42 59.1  5.64 
138481  15 30 55.75  +40 49 59.0  5.04 
139669  15 31 25.05  +77 20 57.6  5.00 
138538  15 36 43.19  -66 19 00.9  4.11 
139063  15 37 01.46  -28 08 06.3  3.60 
139127  15 38 03.32  -42 34 02.9  4.34 
139663  15 40 16.91  -23 49 05.0  4.97 
140573  15 44 16.00  +06 25 31.9  2.63 
141477  15 48 44.41  +18 08 30.4  4.09 
141992  15 51 15.94  +20 58 40.4  4.74 
142574  15 54 34.66  +20 18 39.1  5.45 
143107  15 57 35.30  +26 52 40.9  4.14 
143435  15 58 57.70  +36 38 37.3  5.61 
142676  15 59 50.03  -64 51 14.9  6.89 
144204  16 02 05.56  +52 54 57.6  5.93 
145892  16 13 15.41  +05 01 16.0  5.46 
145897  16 13 50.91  -11 50 15.8  5.24 
146051  16 14 20.77  -03 41 38.3  2.73 
146791  16 18 19.24  -04 41 33.4  3.23 
149009  16 31 13.44  +22 11 43.6  5.76 
149447  16 36 22.46  -35 15 19.3  4.18 
151217  16 45 49.89  +08 34 57.3  5.15 
150798  16 48 39.87  -69 01 39.5  1.91 
151249  16 49 47.11  -59 02 28.7  3.77 
151680  16 50 10.24  -34 17 33.4  2.29 
152326  16 51 45.26  +24 39 23.1  5.03 
152880  16 56 40.79  -15 56 37.7  8.54
153210  16 57 40.27  +09 22 30.2  3.19 
155410  17 09 33.28  +40 46 37.3  5.07 
156283  17 15 02.85  +36 48 33.0  3.16 
156652  17 17 34.65  +28 54 47.7  6.88 
158996  17 19 37.05  +80 08 11.0  5.74 
157325  17 20 21.15  +46 14 26.4  5.51 
156277  17 21 59.53  -67 46 14.3  4.76 
157999  17 26 30.88  +04 08 25.2  4.34 
158899  17 30 44.30  +26 06 38.2  4.41 
161096  17 43 28.38  +04 34 00.9  2.76 
163588  17 53 31.63  +56 52 20.8  3.73 
163770  17 56 15.18  +37 15 01.9  3.86 
163376  17 57 47.81  -41 42 58.5  4.88 
164646  17 59 56.20  +45 30 05.3  5.69 
168323  18 18 07.72  +23 17 49.0  6.45 
168775  18 19 51.72  +36 03 52.0  4.33 
168723  18 21 18.92  -02 53 49.6  3.23 
168592  18 22 18.60  -38 39 24.6  5.09 
169414  18 23 41.77  +21 46 13.2  3.85 
170693  18 25 58.99  +65 33 48.8  4.82 
169916  18 27 58.27  -25 25 16.5  2.82 
170951  18 31 09.66  +25 09 47.8  7.81 
171759  18 43 02.13  -71 25 39.8  4.01 
173780  18 46 04.47  +26 39 43.5  4.83 
174387  18 52 27.21  -46 35 42.4  5.51 
176524  18 54 23.77  +71 17 49.5  4.82 
175775  18 57 43.78  -21 06 23.8  3.52 
176670  19 00 00.82  +32 08 43.8  4.94 
177808  19 04 57.82  +31 44 39.3  5.63 
177716  19 06 56.44  -27 40 11.3  3.32 
178345  19 10 01.75  -39 20 26.5  4.10 
180450  19 15 24.84  +30 31 35.2  5.88 
179886  19 16 21.74  -45 27 57.8  5.38 
181109  19 20 26.20  -31 49 03.4  6.56 
183439  19 28 42.41  +24 39 54.6  4.44 
182709  19 31 10.94  -68 26 02.0  5.98 
184406  19 34 05.23  +07 22 45.5  4.45 
184827  19 34 56.09  +33 47 43.7  6.64 
184996  19 41 37.24  -65 51 15.3  6.08 
186619  19 43 45.08  +41 46 23.1  5.86 
186791  19 46 15.57  +10 36 47.8  2.72 
187150  19 48 50.17  -12 19 09.7  6.47 
188056  19 50 37.73  +52 59 17.4  5.03 
187660  19 51 11.10  -02 27 39.2  6.12 
188310  19 54 14.82  +08 27 41.9  4.71 
188154  19 54 08.27  -08 34 27.0  5.76 
188114  19 55 15.68  -41 52 06.3  4.12 
189276  19 55 55.39  +58 50 45.7  4.98 
188603  19 56 56.82  -27 10 11.5  4.54 
189319  19 58 45.39  +19 29 31.5  3.51 
189695  20 00 58.97  +08 33 28.0  5.90 
189140  20 00 26.47  -43 02 36.0  6.11 
189831  20 03 33.41  -37 56 25.8  4.77 
190056  20 04 19.56  -32 03 22.6  4.99 
192781  20 13 27.57  +60 38 25.6  5.81 
192107  20 13 13.87  -01 00 33.4  5.44 
193579  20 20 21.40  +17 47 34.8  5.82 
193002  20 20 32.30  -55 03 02.9  6.27 
196321  20 36 43.63  -02 32 59.7  4.91 
196171  20 37 33.99  -47 17 30.0  3.11 
196917  20 41 23.58  -31 35 53.3  5.75 
197912  20 45 39.76  +30 43 10.8  4.22 
198149  20 45 17.27  +61 50 12.5  3.41 
197989  20 46 12.43  +33 58 10.0  2.48 
198134  20 47 10.72  +34 22 26.8  4.93 
198048  20 49 28.93  -46 13 36.8  4.90 
198357  20 51 00.76  -37 54 47.8  5.52 
198542  20 51 49.30  -26 55 08.9  4.12 
199101  20 53 53.91  +33 26 16.1  5.47 
199345  20 56 54.03  -09 41 51.1  5.49 
199697  20 58 16.35  +22 19 33.3  5.30 
199642  21 00 43.41  -53 44 20.5  6.26 
200644  21 04 34.64  +05 30 10.3  5.63 
200914  21 07 07.69  -25 00 20.7  4.49 
201298  21 08 28.15  +06 59 21.7  6.14 
201901  21 13 17.27  -27 37 08.6  5.41 
203399  21 15 42.39  +77 00 44.1  5.92 
203504  21 22 05.13  +19 48 15.7  4.08 
205478  21 41 28.47  -77 23 22.1  3.73 
206445  21 42 10.12  +01 17 07.0  5.66 
209688  22 06 06.90  -39 32 35.0  4.47 
211416  22 18 30.18  -60 15 34.2  2.87 
213310  22 29 31.82  +47 42 24.8  4.34 
214868  22 40 30.78  +44 16 34.6  4.50 
216446  22 47 28.95  +83 09 13.4  4.77 
216032  22 49 35.51  -13 35 33.1  4.05 
216149  22 51 02.15  -39 09 24.5  5.43 
216397  22 52 01.95  +43 18 44.5  4.95 
217902  23 04 39.57  -53 57 52.7  5.37 
218452  23 07 39.28  +46 23 14.3  5.30 
218670  23 10 21.43  -45 14 47.9  3.88 
219449  23 15 53.28  -09 05 15.7  4.24 
219784  23 18 49.43  -32 31 54.6  4.41 
219981  23 19 52.38  +42 04 40.9  5.81 
220009  23 20 20.54  +05 22 53.2  5.05 
220088  23 20 49.50  +30 24 54.3  5.58 
220363  23 23 04.56  +12 18 50.2  5.09 
220440  23 24 13.24  -51 53 27.9  5.75 
220954  23 27 58.17  +06 22 44.8  4.27 
221588  23 32 56.44  +46 07 25.3  6.61 
222404  23 39 20.98  +77 37 55.1  3.21 
224630  23 59 27.90  -29 29 06.6  5.59 
