Common          HR#    HD#     RA (2000)   Dec (2000) V-mag     Spectral Type             Approx. Flux densities (Jy) at various wavelengths (microns)
Name			      (h m s)     (d m s)		HIP	Cohen     8.0      8.9    9.9    10.7   11.7   SiC    12.5   17.65  18.75  23.1  24.5
------------  ---- ------  -----------  ----------- -----  ----------  ---------  -----   -----   ----   ----   ----   ----   ----   ----   ----   ----  ----
 THE OCT      9084 224889  00 01 35.85  -77 03 55.1  4.78      K2III   K3III      10.48   9.623   8.15   7.13   6.11   6.06   5.26   2.68   2.40   1.55  1.41    
 33 PSC          3     28  00 05 20.15  -05 42 28.2  4.61       K1III   K0III-IV  7.854   7.026   5.46   4.88   4.11   4.12   3.50   1.81   1.62   1.04  0.949
 KAP 2 SCL      34    720  00 11 34.42  -27 47 59.2  5.41       K2III   K2III     6.635   5.981   4.90   4.35   3.70   3.71   3.25   1.62   1.49  0.956  0.866
                37    787  00 12 09.95  -17 56 17.6  5.29       K4III   K5III     11.79   10.61   8.89   8.18   6.94   6.99   6.06   2.98   2.71   1.76   1.71
 SAO 258217     47   1032  00 13 19.55  -84 59 38.5  5.78    M0/M1III   M0.5III   16.50   15.05   12.8   11.7   10.0   9.98   8.77   4.52   4.05   2.63   2.38
                     1240  00 16 53.97  +49 27 42.9  6.52          M0    M0III    11.97   11.06   9.46   8.62   7.29   7.20   6.28   3.21   2.88   1.86   1.69
                     1255  00 16 45.68  +10 14 41.1  6.51      M2III:    M0III    16.82   15.53   13.2   12.1   10.2   10.1   8.82   4.52   4.05   2.62   2.37
 IOTA CET       74   1522  00 19 25.68  -08 49 25.8  3.56       K2III   K1III     25.08   22.57   18.5   16.4   13.9   14.0   12.2   6.13   5.63   3.60   3.27
 41 PSC         80   1635  00 20 35.86  +08 11 24.9  5.38       K3III   K3-III    6.517   6.019   5.10   4.43   3.81   3.78   3.28   1.67   1.49  0.971  0.879
                79   1632  00 20 45.54  +32 54 40.4  5.79       K5III   K5III     10.97   9.820   8.21   7.58   6.47   6.51   5.67   2.80   2.55   1.65   1.61
 IRC-20008           1879  00 23 04.35  -15 56 33.4  6.43       M0III    M0III    7.331   6.761   5.78   5.26   4.44   4.36   3.84   1.96   1.76   1.14   1.03
 ALP PHE        99   2261  00 26 16.87  -42 18 18.4  2.40    K0III...   K0IIIb    71.87   64.28   49.9   44.6   37.6   37.7   32.0   16.5   14.8   9.59   8.69
 48 PSC        106   2436  00 28 12.69  +16 26 42.4  6.05       K5III   K5III     7.381   6.652   5.57   5.12   4.35   4.38   3.80   1.86   1.70   1.10   1.07
                     2486  00 28 57.00  +48 24 49.4  7.04          M0    M0III    21.41   19.76   16.9   15.4   13.0   12.8   11.2   5.75   5.15   3.34   3.02
 12 CET        117   2637  00 30 02.35  -03 57 26.3  5.72       M0III   M0III     10.17   9.377   8.02   7.30   6.15   6.04   5.32   2.72   2.44   1.58   1.43
               152   3346  00 36 46.47  +44 29 18.6  5.14       K5III   K6III     19.33   17.27   14.4   13.3   11.4   11.4   10.0   4.94   4.50   2.94   2.82
 ALP CAS       168   3712  00 40 30.39  +56 32 14.7  2.24 K0II-IIIvar   K0-IIIa   77.99   69.76   54.2   48.5   40.8   40.9   34.7   17.9   16.0   10.4   9.43
 BET CET       188   4128  00 43 35.23  -17 59 12.1  2.04       K0III   K0III     73.66   65.89   51.2   45.8   38.5   38.6   32.8   16.9   15.2   9.83   8.90
               201   4301  00 45 24.10  -04 37 45.3  6.15       M0III   M0III     8.474   7.814   6.68   6.08   5.13   5.04   4.44   2.27   2.03   1.32   1.19
 ZET AND       215   4502  00 47 20.39  +24 16 02.6  4.08        K1II   K1IIe     16.43   14.80   12.1   10.7   9.16   9.20   8.05   4.02   3.69   2.36   2.14
 LAM HYI       236   4815  00 48 35.12  -74 55 24.1  5.09       K5III   K5III     8.960   8.075   6.76   6.22   5.28   5.32   4.61   2.26   2.06   1.34   1.30
 20 CET        248   5112  00 53 00.49  -01 08 39.2  4.78       M0III   M0III     22.17   20.47   17.5   15.9   13.4   13.2   11.6   5.95   5.33   3.46   3.13
 UPS 1 CAS     253   5234  00 55 00.19  +58 58 22.1  4.83       K2III   K2III     8.557   7.704   6.31   5.61   4.77   4.78   4.18   2.09   1.92   1.23   1.11
                     5462  00 56 44.47  +26 20 24.0  7.70        MIII    M0III    9.751   8.863   7.54   6.92   5.93   5.85   5.19   2.68   2.40   1.56   1.41
 EPS PSC       294   6186  01 02 56.66  +07 53 24.3  4.27       K0III   K0III     9.775   8.746   6.79   6.08   5.11   5.14   4.36   2.25   2.01   1.30   1.18
                     6112  01 03 09.86  +53 08 25.6  7.39          M0    M0III    11.10   10.15   8.66   7.92   6.76   6.66   5.88   3.02   2.71   1.76   1.59
 SAO 181       285   5848  01 08 44.16  +86 15 25.6  4.24    K2II-III   K2II-III  13.94   12.57   10.3   9.16   7.79   7.81   6.84   3.42   3.13   2.01   1.82
 ETA CET       334   6805  01 08 35.26  -10 10 54.9  3.46       K2III   K2-III    26.19   23.57   19.3   17.1   14.6   14.6   12.8   6.40   5.87   3.76   3.41
   BET AND           6860  01 09 43.80  +35 37 15.0  2.07    M0IIIvar             326.6   300.9   257.   234.   196.   191.   170.   87.5   78.4   50.8   46.0
               341   6953  01 10 19.45  +25 27 28.9  5.81       K5III   K7III     6.724   6.062   5.07   4.67   3.96   3.99   3.46   1.70   1.55   1.01  0.970
 PHI PSC       360   7318  01 13 44.94  +24 35 01.6  4.67    K0III...   K0III     7.162   6.409   4.98   4.45   3.74   3.76   3.20   1.65   1.47  0.957  0.866
               372   7647  01 17 05.05  +44 54 07.5  6.11          K5   K5III     8.043   7.194   6.01   5.55   4.74   4.77   4.16   2.05   1.87   1.22   1.17
               400   8498  01 23 30.97  -30 56 43.8  5.84       M0III   M0III     11.45   10.55   9.03   8.22   6.93   6.81   5.99   3.07   2.75   1.78   1.61
               397   8388  01 23 24.95  +20 28 08.4  5.97          K5   K7III     12.08   10.68   8.92   8.27   7.12   7.16   6.29   3.12   2.84   1.86   1.78
 THE CET       402   8512  01 24 01.45  -08 10 57.9  3.60       K0III   K0IIIb    19.93   17.83   13.8   12.3   10.4   10.4   8.89   4.59   4.11   2.66   2.41
 46 CET        412   8705  01 25 37.21  -14 35 55.5  4.90       K2III   K2.5IIIb  8.447   7.768   6.58   5.74   4.93   4.89   4.24   2.16   1.93   1.25   1.13
 SAO 248381    420   8810  01 25 05.28  -64 22 10.0  5.92       M0III   K5III     8.413   7.589   6.35   5.84   4.96   5.00   4.34   2.13   1.94   1.27   1.20
 MUU PSC       434   9138  01 30 10.94  +06 08 38.2  4.84       K4III   K3III     13.22   12.17   10.3   8.92   7.72   7.66   6.64   3.38   3.03   1.96   1.78
 DEL PHE       440   9362  01 31 14.98  -49 04 23.1  3.93    K0III-IV   K0IIIb    13.09   11.70   9.10   8.14   6.84   6.87   5.83   3.01   2.70   1.74   1.58
                     9692  01 34 23.42  -28 14 11.9  6.87       M0III    M0III    5.936   5.428   4.63   4.23   3.59   3.53   3.13   1.61   1.44  0.938  0.849
 51 AND        464   9927  01 37 59.50  +48 37 42.6  3.59       K3III   K3-III    27.09   25.00   21.1   18.4   15.8   15.7   13.6   6.95   6.22   4.03   3.65
               470  10110  01 40 13.12  +53 52 05.8  6.35       K5III   K5III     6.679   5.963   4.98   4.60   3.93   3.96   3.45   1.70   1.55   1.01  0.983
 NUU PSC       489  10380  01 41 25.91  +05 29 15.4  4.45       K3III   K3IIIb    17.02   15.68   13.2   11.4   9.95   9.87   8.56   4.36   3.90   2.53   2.29
               500  10550  01 42 43.52  -03 41 24.4  4.98    K3II-III   K3II-III  8.831   8.128   6.89   6.00   5.15   5.11   4.43   2.26   2.02   1.31   1.18
 ZET CET       539  11353  01 51 27.61  -10 20 05.8  3.74       K2III   K0III     19.49   17.43   13.5   12.1   10.2   10.2   8.69   4.49   4.02   2.60   2.35
 CHI 1 PHE     602  12524  02 01 42.40  -44 42 48.2  5.15       K5III   K5III     14.28   12.85   10.7   9.90   8.41   8.47   7.34   3.61   3.28   2.13   2.07
 ALP ARI       617  12929  02 07 10.29  +23 27 46.0  2.01       K2III   K2-IIIab  105.5   95.01   77.8   69.1   58.8   59.0   51.6   25.8   23.6   15.1   13.7
 19 ARI        648  13596  02 13 03.25  +15 16 47.7  5.72       M0III   M0III     10.65   9.841   8.42   7.66   6.46   6.35   5.59   2.86   2.56   1.66   1.50
 60 AND        643  13520  02 13 13.34  +44 13 54.1  4.84       K4III   K3.5III   17.21   15.85   13.4   11.7   10.0   9.98   8.65   4.41   3.95   2.55   2.31
                    14146  02 17 57.32  +29 00 26.2  6.68       M0III    M0III    7.023   6.443   5.50   5.02   4.27   4.20   3.71   1.90   1.70   1.10   1.00
 SAO 232717    688  14641  02 19 54.25  -55 56 41.4  5.81       K5III   K5III     9.020   8.121   6.80   6.25   5.31   5.35   4.64   2.28   2.07   1.34   1.31
 SAO 193679    700  14890  02 23 06.60  -37 34 33.8  6.47       K2III   K2III     7.659   6.594   5.34   4.84   4.25   4.25   3.84   1.97   1.80   1.16   1.05
 65 AND        699  14872  02 25 37.40  +50 16 43.2  4.73       K4III   K4.5III   19.97   18.00   15.0   13.8   11.7   11.8   10.2   5.05   4.60   3.00   2.88
 14 TRI        736  15656  02 32 06.14  +36 08 50.0  5.15       K5III   K5III     12.92   11.65   9.75   8.98   7.62   7.67   6.65   3.27   2.97   1.93   1.88
 80 CET        759  16212  02 36 00.07  -07 49 53.2  5.53       M0III   M0III     17.38   16.04   13.7   12.5   10.5   10.3   9.11   4.66   4.18   2.71   2.45
 IOTA ERI      794  16815  02 40 39.93  -39 51 19.1  4.11       K0III   K0.5IIIb  12.40   11.09   8.62   7.71   6.48   6.50   5.52   2.85   2.55   1.65   1.49
 39 ARI        824  17361  02 47 54.44  +29 14 50.7  4.52       K1III   K1.5III   8.776   7.909   6.48   5.76   4.89   4.91   4.30   2.15   1.97   1.26   1.14
 NU HYI        872  18293  02 50 28.54  -75 04 00.8  4.76       K3III   K3III     10.62   9.758   8.27   7.22   6.19   6.14   5.33   2.71   2.43   1.57   1.42
 17 PER        843  17709  02 51 30.83  +35 03 35.6  4.56       K5III   K5.5III   28.86   26.01   21.7   20.0   17.0   17.1   14.8   7.31   6.65   4.33   4.18
 24 PER        882  18449  02 59 03.71  +35 10 59.2  4.94       K2III   K2III     8.252   7.437   6.09   5.41   4.60   4.62   4.04   2.02   1.85   1.18   1.07
   ALP CET          18884  03 02 16.78  +04 05 23.7  2.54       M2III             266.2   248.0   214.   196.   167.   167.   143.   74.0   66.3   43.0   38.9
 54 ARI        940  19460  03 08 21.09  +18 47 42.3  6.24       M0III   M0III     6.750   6.233   5.33   4.85   4.09   4.02   3.54   1.81   1.62   1.05  0.954
 KAP PER       941  19476  03 09 29.63  +44 51 28.4  3.79       K0III   K0III     13.53   12.10   9.41   8.41   7.08   7.10   6.03   3.11   2.79   1.80   1.63
 OME PER       947  19656  03 11 17.40  +39 36 41.7  4.61       K1III   K1III     8.307   7.480   6.13   5.44   4.63   4.64   4.06   2.03   1.86   1.19   1.08
                    20356  03 16 21.71  -05 43 49.5  6.30          K5    K5III    6.409   5.694   4.76   4.40   3.77   3.79   3.32   1.64   1.49  0.974  0.947
               991  20468  03 18 43.82  +34 13 21.6  4.85        K2II   K2IIb     14.21   12.53   10.2   9.16   7.91   7.93   7.03   3.56   3.26   2.09   1.90
               999  20644  03 20 20.37  +29 02 54.6  4.47    K2II-III   K3IIIa    25.65   23.51   19.8   17.3   15.0   14.9   12.9   6.64   5.95   3.85   3.49
 TAU 2 ARI    1015  20893  03 22 45.27  +20 44 31.6  5.10       K3III   K3III     6.810   6.273   5.31   4.62   3.98   3.95   3.42   1.74   1.56   1.01  0.917
 SIG PER      1052  21552  03 30 34.48  +47 59 42.6  4.36       K3III   K3III     19.43   17.92   15.1   13.2   11.3   11.2   9.78   4.98   4.46   2.89   2.62
 SAO 216405   1106  22663  03 37 05.68  -40 16 28.2  4.57       K0III   K1III     8.447   7.606   6.23   5.53   4.71   4.72   4.13   2.06   1.89   1.21   1.10
 SAO 194475   1143  23319  03 42 50.12  -37 18 48.0  4.59  K2IIICN...   K2.5III   8.962   8.249   6.99   6.09   5.23   5.19   4.50   2.29   2.05   1.33   1.20
 DEL ERI      1136  23249  03 43 14.96  -09 45 54.7  3.52        K0IV   K0+IV     16.02   14.33   11.1   9.96   8.38   8.41   7.14   3.69   3.30   2.13   1.93
 BET RET      1175  23817  03 44 11.55  -64 48 25.5  3.84     K0IV SB   K2III     17.37   15.67   12.8   11.4   9.70   9.74   8.52   4.26   3.91   2.50   2.26
 GAM ERI      1231  25025  03 58 01.73  -13 30 29.7  2.97 M1IIIb Ca-1   M0.5IIIb  137.3   126.8   108.   98.8   83.2   81.8   72.0   36.8   33.0   21.4   19.4
              1235  25165  03 59 30.13  -12 34 27.6  5.61       K4III   K5III     7.860   7.074   5.92   5.45   4.63   4.66   4.04   1.98   1.80   1.17   1.14
                    25477  04 03 10.58  +08 52 57.5  6.65          K0    K5III    7.553   6.810   5.70   5.24   4.45   4.48   3.89   1.91   1.74   1.13   1.08
              1241  25274  04 06 03.17  +68 40 47.9  5.88       K2III   K2III     8.631   7.476   6.06   5.48   4.79   4.80   4.31   2.20   2.02   1.30   1.17
              1286  26311  04 10 59.02  +33 35 12.5  5.75    K1II-III   K1II-III  6.795   5.935   4.82   4.34   3.77   3.78   3.37   1.71   1.57   1.01  0.917
                    26526  04 12 58.45  +32 31 58.0  6.69          K0    M0III    6.344   5.859   5.01   4.56   3.86   3.81   3.32   1.70   1.52  0.990  0.896
 39 ERI       1318  26846  04 14 23.69  -10 15 21.2  4.87       K3III   K3III     6.868   6.323   5.35   4.63   4.01   3.98   3.45   1.75   1.57   1.02  0.924
 ALP HOR      1326  26967  04 14 00.08  -42 17 37.9  3.85       K1III   K2III     16.93   15.24   12.4   11.1   9.43   9.47   8.28   4.14   3.80   2.43   2.20
 EPS RET      1355  27442  04 16 29.08  -59 18 06.3  4.44        K2IV   K2IVa     8.408   7.583   6.21   5.52   4.69   4.71   4.12   2.06   1.89   1.21   1.09
                    27482  04 21 15.26  +27 21 00.9  7.21       K5III   K5III     8.964   7.673   6.38   5.98   5.27   5.29   4.75   2.40   2.19   1.43   1.38
 DEL 1 TAU    1373  27697  04 22 56.03  +17 32 33.3  3.77       G8III   G9.5III   13.52   12.10   9.40   8.41   7.08   7.10   6.03   3.11   2.79   1.80   1.63
              1370  27639  04 22 22.73  +20 49 17.1  5.91       M0III   M0IIIab   16.82   15.41   13.1   12.0   10.2   10.0   8.90   4.57   4.10   2.66   2.41
 SAO 249016   1416  28413  04 25 05.36  -61 14 17.7  5.94    K4/K5III   K4.5III   6.877   6.202   5.19   4.78   4.06   4.08   3.54   1.74   1.58   1.04  0.988
 EPS TAU      1409  28305  04 28 36.93  +19 10 49.9  3.53       K0III   G9.5III   17.81   15.93   12.3   11.0   9.32   9.36   7.95   4.10   3.67   2.37   2.15
 45 ERI       1437  28749  04 31 52.67  -00 02 38.4  4.91    K3II-III   K3II-III  9.181   8.446   7.15   6.24   5.36   5.31   4.61   2.34   2.10   1.36   1.23
 UPS 1 ERI    1453  29085  04 33 30.63  -29 45 57.0  4.49       K0III   K0+III    7.934   7.097   5.51   4.93   4.15   4.16   3.53   1.82   1.63   1.05  0.959
   ALP TAU          29139  04 35 55.20  +16 30 35.1  .870       K5III             816.1   734.3   614.   565.   480.   483.   419.   206.   187.   121.   119.
 53 ERI       1481  29503  04 38 10.87  -14 18 12.9  3.86       K1III   K1.5IIIb  16.84   15.16   12.4   11.0   9.39   9.42   8.24   4.12   3.78   2.42   2.19
              1509  30080  04 43 09.31  -30 45 55.4  5.66       K3III   K2III     6.806   5.972   4.86   4.37   3.78   3.79   3.38   1.71   1.57   1.01  0.917
 IOTA AUR     1577  31398  04 56 59.62  +33 09 58.1  2.69     K3IIvar   K3II      107.2   98.03   82.9   72.4   62.6   62.2   54.2   27.7   24.8   16.1   14.6
 OMI 2 ORI    1580  31421  04 56 22.32  +13 30 52.5  4.06       K2III   K2-III    16.65   14.99   12.2   10.9   9.28   9.32   8.15   4.07   3.74   2.39   2.17
 PI 6 ORI     1601  31767  04 58 32.90  +01 42 50.5  4.47     K2IIvar   K2-II     16.48   14.85   12.1   10.8   9.20   9.23   8.08   4.04   3.70   2.37   2.15
 SAO 783      1523  30338  05 00 20.72  +81 11 38.5  5.09       K3III   K3III     8.220   7.546   6.39   5.59   4.79   4.75   4.12   2.10   1.88   1.21   1.10
              1572  31312  05 02 19.79  +74 16 09.4  6.05       K5III   K5III     6.545   5.900   4.94   4.54   3.86   3.88   3.37   1.65   1.50  0.982  0.950
 GAM 1 CAE    1652  32820  05 03 53.94  -41 44 43.2  6.30         F8V   K3III     10.72   9.892   8.38   7.28   6.27   6.22   5.40   2.75   2.46   1.59   1.44
 EPS LEP      1654  32887  05 05 27.65  -22 22 15.1  3.19       K4III   K5IIIv    68.88   62.07   51.9   47.8   40.6   40.9   35.4   17.4   15.8   10.3   10.0
 SAO 195639   1699  33872  05 11 35.84  -37 23 43.1  6.57       M1III   K5III     6.867   6.123   5.12   4.72   4.04   4.07   3.55   1.75   1.60   1.04   1.00
              1684  33554  05 11 41.56  +16 02 44.4  5.18       K5III   K5III     13.49   12.16   10.1   9.37   7.96   8.01   6.95   3.41   3.11   2.02   1.96
 RHO ORI      1698  33856  05 13 17.48  +02 51 40.5  4.46    K3III...   K1III     10.63   9.576   7.84   6.97   5.93   5.95   5.20   2.60   2.38   1.53   1.38
 16 AUR       1726  34334  05 18 10.55  +33 22 19.2  4.54    K3III...   K2.5III   14.34   13.20   11.1   9.75   8.37   8.31   7.20   3.67   3.28   2.13   1.93
                    34450  05 24 59.43  +73 42 25.9  6.48          M0    M0.5III  9.054   8.361   7.15   6.51   5.51   5.43   4.75   2.43   2.18   1.41   1.28
              1799  35536  05 25 01.74  -10 19 43.8  5.60       K5III   K5III     9.264   8.342   6.98   6.42   5.45   5.49   4.76   2.34   2.13   1.38   1.34
 31 ORI       1834  36167  05 29 43.98  -01 05 31.8  4.71       K5III   K5III     24.92   22.46   18.8   17.3   14.7   14.8   12.8   6.31   5.74   3.74   3.60
 PHI 2 ORI    1907  37160  05 36 54.33  +09 17 29.1  4.09    G8III-IV   K0IIIb    12.58   11.26   8.75   7.82   6.58   6.61   5.61   2.90   2.59   1.68   1.52
              1866  36678  05 36 35.22  +54 25 43.3  5.74       M0III   M0III     12.37   11.35   9.69   8.85   7.50   7.38   6.52   3.35   3.00   1.94   1.76
 51 ORI       1963  37984  05 42 28.66  +01 28 28.8  4.90       K1III   K1III     8.188   7.370   6.04   5.36   4.56   4.58   4.00   2.00   1.83   1.17   1.06
 GAM PIC      2042  39523  05 49 49.58  -56 09 59.4  4.50       K1III   K1III     8.866   7.996   6.55   5.82   4.95   4.97   4.35   2.17   1.99   1.27   1.15
 BET COL      2040  39425  05 50 57.55  -35 46 09.5  3.12     K1.5III   K1.5III   35.29   31.78   26.0   23.1   19.6   19.7   17.2   8.64   7.92   5.08   4.60
 NUU AUR      2012  39003  05 51 29.39  +39 08 54.5  3.97       K0III   K0III     15.43   13.81   10.7   9.60   8.08   8.11   6.89   3.55   3.18   2.06   1.86
 DEL LEP      2035  39364  05 51 19.15  -20 52 39.0  3.76    G8III/IV   K0III     18.08   16.17   12.5   11.2   9.46   9.50   8.08   4.16   3.73   2.41   2.18
 UPS AUR      2011  38944  05 51 02.41  +37 18 20.5  4.72       M1III   M0III     32.30   29.83   25.5   23.2   19.6   19.2   16.9   8.67   7.77   5.04   4.56
 56 ORI       2037  39400  05 52 26.44  +01 51 18.6  4.76     K2IIvar   K1.5IIb   13.24   11.81   9.65   8.61   7.38   7.40   6.52   3.28   3.01   1.93   1.75
 SAO 196309   2082  40091  05 54 52.49  -39 57 28.5  5.55       M0III   K6III     12.40   11.18   9.36   8.61   7.32   7.37   6.39   3.14   2.86   1.86   1.79
              2065  39853  05 54 43.59  -11 46 27.3  5.62     K3 comp   K5III     10.56   9.515   7.96   7.33   6.22   6.27   5.43   2.67   2.43   1.58   1.53
 ETA COL      2120  40808  05 59 08.79  -42 48 54.4  3.96       K0III   K0III     16.00   14.31   11.1   9.95   8.37   8.40   7.14   3.68   3.30   2.13   1.93
 DEL AUR      2077  40035  05 59 31.55  +54 17 05.9  3.72       K0III   K0-III    16.02   14.33   11.1   9.96   8.38   8.41   7.14   3.69   3.30   2.14   1.93
 AFGL 4463S   2131  41047  06 01 16.29  -33 54 42.4  5.54       K5III   K5III     11.36   10.23   8.56   7.88   6.69   6.74   5.84   2.87   2.61   1.70   1.65
              2140  41312  06 03 15.56  -26 17 05.1  5.03 K3II/IIICNv   K3III     11.62   10.71   9.07   7.90   6.79   6.74   5.84   2.97   2.66   1.72   1.56
 SAO 249451   2196  42540  06 07 03.36  -62 09 15.9  5.04    K2/K3III   K2.5III   7.630   7.007   5.94   5.19   4.44   4.41   3.82   1.95   1.74   1.13   1.02
 40 CAM       2201  42633  06 15 40.51  +59 59 56.5  5.37       K3III   K3III     6.588   6.066   5.14   4.47   3.85   3.82   3.31   1.68   1.51  0.979  0.886
 KAP COL      2256  43785  06 16 33.14  -35 08 26.6  4.37        G8II   K0.5IIIa  7.971   7.131   5.54   4.95   4.17   4.19   3.56   1.83   1.64   1.06  0.964
 PI 1 DOR     2352  45669  06 22 38.23  -69 59 02.9  5.56       K5III   K5III     8.898   8.025   6.71   6.18   5.25   5.29   4.58   2.25   2.05   1.34   1.27
              2311  45018  06 23 55.91  -25 34 39.1  5.61       K5III   K5III     11.60   10.45   8.75   8.05   6.84   6.89   5.97   2.93   2.67   1.74   1.67
              2305  44951  06 24 10.35  -11 31 48.0  5.21       K3III   K3III     6.524   6.006   5.09   4.43   3.81   3.78   3.28   1.67   1.49  0.969  0.878
                    46037  06 30 11.81  -19 12 53.4  6.44    M0/M1III    M0-1III  8.698   8.033   6.87   6.26   5.29   5.22   4.56   2.33   2.09   1.35   1.22
              2379  46184  06 31 23.02  -12 23 30.9  5.16       K1III   K3III     6.480   5.972   5.06   4.40   3.79   3.76   3.26   1.66   1.48  0.964  0.873
 AFGL 4509S   2411  46815  06 33 49.49  -36 13 56.2  5.42       K3III   K3III     7.099   6.473   5.46   4.78   4.15   4.12   3.60   1.84   1.65   1.07  0.971
              2428  47182  06 36 46.60  -13 19 15.5  5.95    K4/K5III   K4-5III   7.516   6.775   5.67   5.22   4.43   4.46   3.87   1.90   1.73   1.13   1.08
 NUU 2 CMA    2429  47205  06 36 41.00  -19 15 20.6  3.95   K1III+...   K1.5III-I 13.14   11.82   9.69   8.61   7.32   7.34   6.42   3.21   2.94   1.89   1.71
              2447  47536  06 37 47.54  -32 20 23.6  5.25       K1III   K2III     6.670   6.010   4.92   4.37   3.72   3.73   3.26   1.63   1.49  0.960  0.870
 PSI 2 AUR    2427  47174  06 39 19.83  +42 29 20.4  4.80       K3III   K2-III    8.630   7.769   6.36   5.65   4.81   4.82   4.22   2.11   1.93   1.24   1.12
              2450  47667  06 39 16.72  -14 08 44.7  4.82       K2III   K2IIIa    15.06   13.37   10.9   9.76   8.39   8.42   7.44   3.75   3.44   2.21   2.00
              2363  45866  06 40 28.84  +77 59 44.9  5.75       K5III   K5III     6.698   6.038   5.05   4.65   3.95   3.97   3.45   1.69   1.54   1.00  0.972
              2469  48217  06 41 56.37  -09 10 02.7  5.21       M0III   M0III     13.37   12.34   10.5   9.62   8.13   8.02   7.01   3.59   3.21   2.08   1.89
 30 GEM       2478  48433  06 43 59.29  +13 13 41.3  4.49       K1III   K0.5III   11.13   9.958   7.74   6.92   5.82   5.84   4.97   2.56   2.29   1.48   1.34
 PSI 4 AUR    2459  47914  06 43 05.01  +44 31 28.3  5.04       K5III   K5III     13.90   12.52   10.4   9.65   8.19   8.25   7.15   3.52   3.20   2.08   2.02
 SAO 234699   2515  49517  06 45 53.72  -52 24 35.0  5.81       K3III   K3III     6.454   5.815   4.90   4.32   3.75   3.73   3.28   1.68   1.51  0.981  0.889
   ALP CMA          48915  06 45 09.25  -16 42 47.3  1.44      A0m...             189.8   170.4   132.   118.   98.1   98.5   84.3   42.9   38.2   24.8   22.5
 18 MON       2506  49293  06 47 51.66  +02 24 43.9  4.48       K0III   K0+IIIa   9.476   8.478   6.59   5.89   4.95   4.97   4.23   2.18   1.95   1.26   1.14
 SAO 234710   2526  49877  06 47 18.71  -55 32 24.2  5.60       K5III   K5III     9.621   8.677   7.26   6.68   5.68   5.72   4.96   2.43   2.22   1.45   1.38
 TAU PUP      2553  50310  06 49 56.14  -50 36 51.8  2.94    K0III...   K1III     44.62   40.21   32.9   29.2   24.9   24.9   21.8   10.9   10.0   6.42   5.82
 PSI 7 AUR    2516  49520  06 50 45.96  +41 46 53.6  4.99       K3III   K3III     7.635   7.026   5.95   5.18   4.46   4.42   3.83   1.95   1.75   1.13   1.02
 SAO 197277   2549  50235  06 50 52.35  -34 22 02.4  4.99    K2/K3III   K5III     9.383   8.456   7.08   6.51   5.53   5.57   4.83   2.37   2.16   1.41   1.35
              2533  49968  06 52 00.01  +23 36 06.3  5.68       K5III   K5III     6.906   6.223   5.21   4.79   4.07   4.09   3.55   1.74   1.59   1.03   1.00
 SAO 249704   2662  53501  06 59 50.58  -67 55 01.2  5.18       K3III   K3III     8.530   7.772   6.57   5.76   4.97   4.93   4.30   2.20   1.97   1.27   1.15
              2651  52976  07 03 51.60  +12 35 39.3  6.01          K5   K6III     7.130   6.426   5.38   4.95   4.20   4.23   3.67   1.80   1.64   1.07   1.03
              2649  52960  07 03 38.07  +10 57 06.6  5.14       K3III   K3III     8.756   8.008   6.77   5.92   5.11   5.07   4.42   2.26   2.02   1.31   1.19
                    53287  07 05 47.25  +31 23 35.8  6.64        M...    M0III    7.968   7.214   6.13   5.63   4.85   4.78   4.25   2.20   1.97   1.28   1.16
              2663  53510  07 05 39.00  +09 11 09.0  5.78       M0III   M0III     7.627   7.042   6.02   5.48   4.62   4.54   4.00   2.04   1.83   1.19   1.07
 GAM 2 VOL    2736  55865  07 08 44.82  -70 29 57.1  3.78    G8IIIvar   K0III     16.28   14.57   11.3   10.1   8.52   8.57   7.29   3.75   3.36   2.17   1.97
 SAO 218514   2719  55526  07 10 47.50  -48 55 57.3  5.12       K2III   K2III     7.743   6.983   5.72   5.08   4.32   4.34   3.80   1.90   1.74   1.11   1.01
 63 AUR       2696  54716  07 11 39.29  +39 19 14.0  4.91    K4II-III   K3.5III   13.91   12.81   10.8   9.45   8.13   8.07   7.00   3.56   3.19   2.06   1.87
              2731  55775  07 14 10.87  -03 54 06.3  5.80       K5III   K5III     8.493   7.654   6.40   5.89   5.00   5.04   4.37   2.15   1.95   1.27   1.22
 56 GEM       2795  57423  07 21 56.90  +20 26 37.4  5.09       M0III   M0IIIab   15.55   14.36   12.2   11.1   9.43   9.27   8.16   4.17   3.74   2.42   2.19
              2804  57646  07 24 57.08  +51 53 14.4  5.80       K5III   K5III     9.388   8.381   7.00   6.47   5.53   5.56   4.86   2.40   2.18   1.42   1.38
              2865  59311  07 29 18.68  -01 54 19.1  5.60       K5III   K5III     8.212   7.401   6.19   5.70   4.84   4.87   4.23   2.08   1.89   1.23   1.18
              2867  59381  07 29 22.11  -10 19 36.0  5.75       K5III   K5III     9.385   8.371   6.99   6.46   5.53   5.56   4.86   2.40   2.19   1.43   1.37
 6 CMI        2864  59294  07 29 47.78  +12 00 23.8  4.55       K2III   K1III     11.76   10.59   8.68   7.71   6.56   6.59   5.76   2.88   2.64   1.69   1.53
 SIG PUP      2878  59717  07 29 13.88  -43 18 06.8  3.25    K5III SB   K5III     87.57   78.90   66.0   60.8   51.6   52.0   45.1   22.1   20.1   13.1   12.6
 SAO 235336   2934  61248  07 35 39.70  -52 32 01.7  4.93       K3III   K3III     11.91   10.93   9.27   8.10   6.94   6.89   5.97   3.04   2.72   1.76   1.59
 UPS GEM      2905  60522  07 35 55.37  +26 53 45.6  4.06       K5III   M0III-III 44.90   41.45   35.4   32.2   27.2   26.7   23.5   12.0   10.8   7.00   6.34
 SAO 256431   3000  62689  07 36 04.19  -77 38 02.9  6.72       M0III   M0III     6.836   6.231   5.30   4.86   4.17   4.13   3.63   1.87   1.68   1.09  0.989
 74 GEM       2938  61338  07 39 28.59  +17 40 28.3  5.04       M0III   K5III     19.99   18.01   15.0   13.8   11.7   11.8   10.2   5.06   4.60   2.99   2.90
              2951  61603  07 40 58.52  +23 01 06.8  5.93          K5   K5III     7.177   6.473   5.42   4.98   4.23   4.26   3.70   1.82   1.65   1.08   1.03
              2935  61294  07 40 14.72  +38 20 40.4  5.77       M0III   M0III     11.24   10.32   8.81   8.04   6.82   6.70   5.93   3.04   2.73   1.77   1.60
 ALP MON      2970  61935  07 41 14.88  -09 33 03.9  3.94       K0III   K0III     13.50   12.08   9.39   8.40   7.06   7.09   6.02   3.11   2.78   1.80   1.63
 ZET VOL      3024  63295  07 41 49.20  -72 36 22.1  3.93       K0III   K0III     14.09   12.61   9.80   8.76   7.37   7.42   6.31   3.25   2.91   1.88   1.70
 SIG GEM      2973  62044  07 43 18.69  +28 53 02.7  4.23    K1III SB   K1III     13.24   11.92   9.77   8.68   7.38   7.41   6.48   3.24   2.97   1.90   1.72
 76 GEM       2983  62285  07 44 06.92  +25 47 03.2  5.30       K5III   K4.5III   12.80   11.54   9.66   8.90   7.55   7.61   6.60   3.24   2.95   1.93   1.84
   BET GEM          62509  07 45 19.36  +28 01 34.7  1.16    K0IIIvar             167.5   149.7   116.   104.   87.6   87.6   74.3   38.5   34.5   22.3   20.2
              3014  62902  07 46 02.16  -06 46 20.2  5.49       K5III   K5III     6.246   5.630   4.71   4.33   3.68   3.71   3.21   1.58   1.44  0.940  0.903
 81 GEM       3003  62721  07 46 07.49  +18 30 36.6  4.89       K5III   K5III     16.98   15.31   12.8   11.8   10.0   10.0   8.75   4.30   3.91   2.54   2.47
 SAO 219018   3046  63744  07 48 20.25  -47 04 39.1  4.69       K0III   K0III     7.299   6.530   5.07   4.54   3.82   3.83   3.26   1.68   1.50  0.975  0.882
 6 PUP        3044  63697  07 49 41.17  -17 13 41.2  5.17       K3III   K3III     7.029   6.462   5.47   4.77   4.10   4.07   3.52   1.79   1.61   1.04  0.944
                    63696  07 49 39.98  -14 05 07.3  6.34       K5III    K5III    8.697   7.840   6.56   6.04   5.13   5.16   4.48   2.20   2.00   1.31   1.25
 SAO 250019   3120  65662  07 56 18.65  -60 31 35.3  5.74        K4II   K3.5II-II 7.507   6.749   5.68   5.02   4.36   4.33   3.81   1.96   1.76   1.14   1.03
 27 MON       3122  65695  07 59 44.18  -03 40 46.5  4.93       K2III   K2III     7.999   7.210   5.91   5.25   4.46   4.48   3.92   1.96   1.79   1.15   1.04
              3075  64307  08 00 11.76  +73 55 04.8  5.37       K3III   K3III     7.992   7.293   6.16   5.39   4.67   4.63   4.04   2.07   1.85   1.20   1.09
              3145  66141  08 02 15.95  +02 20 03.5  4.39       K2III   K2IIIb    15.91   14.32   11.7   10.4   8.86   8.89   7.78   3.89   3.57   2.28   2.07
 SAO 219422   3187  67582  08 06 40.34  -45 15 57.8  5.04       K3III   K3III     11.44   10.50   8.90   7.78   6.66   6.61   5.73   2.92   2.61   1.69   1.53
 THE CHA      3340  71701  08 20 38.89  -77 29 04.5  4.34    K0III-IV   K2III     11.08   10.00   8.19   7.28   6.19   6.21   5.44   2.72   2.49   1.59   1.44
              3282  70555  08 21 23.03  -33 03 15.7  4.83    K2/K3III   K2.5II-II 12.65   11.54   9.74   8.53   7.40   7.34   6.42   3.29   2.94   1.91   1.73
 31 LYN       3275  70272  08 22 50.13  +43 11 18.1  4.25       K5III   K4.5III   34.46   31.06   26.0   23.9   20.3   20.4   17.7   8.72   7.94   5.16   5.01
              3305  71095  08 25 35.55  +02 06 08.1  5.74       K5III   K5III     7.441   6.706   5.61   5.17   4.38   4.41   3.83   1.88   1.71   1.11   1.08
 BET VOL      3347  71878  08 25 44.25  -66 08 11.5  3.77    K2IIIvar   K1III     18.86   17.01   13.9   12.3   10.5   10.5   9.25   4.63   4.24   2.72   2.46
 PHI 1 CNC    3304  71093  08 26 27.73  +27 53 37.9  5.58       K5III   K5III     6.542   5.895   4.93   4.54   3.85   3.88   3.36   1.65   1.50  0.978  0.953
 THE CNC      3357  72094  08 31 35.77  +18 05 40.4  5.33       K5III   K5III     15.41   13.89   11.6   10.7   9.09   9.15   7.93   3.90   3.55   2.30   2.24
              3425  73603  08 38 40.29  -19 44 12.9  6.32       M1III   K5III     9.255   8.270   6.91   6.38   5.45   5.48   4.78   2.36   2.15   1.39   1.35
 SIG HYA      3418  73471  08 38 45.45  +03 20 29.3  4.45       K2III   K1III     11.19   10.09   8.27   7.35   6.25   6.27   5.48   2.74   2.51   1.61   1.46
 PI 2 UMA     3403  73108  08 40 12.90  +64 19 40.3  4.59       K2III   K1+IIIb   10.41   9.377   7.68   6.82   5.81   5.83   5.09   2.54   2.33   1.49   1.35
 DEL CNC      3461  74442  08 44 41.11  +18 09 17.5  3.94       K0III   K0IIIb    15.10   13.51   10.5   9.39   7.90   7.94   6.74   3.48   3.11   2.01   1.82
              3480  74860  08 46 06.89  -11 00 24.5  6.22       K5III   K5III     7.360   6.564   5.49   5.06   4.33   4.36   3.80   1.88   1.71   1.11   1.08
 GAM PYX      3518  75691  08 50 32.01  -27 42 36.2  4.02       K3III   K2.5III   19.91   18.38   15.5   13.5   11.6   11.5   10.0   5.11   4.58   2.96   2.68
 SAO 199737   3535  76110  08 52 48.02  -38 43 26.9  5.79    K5/M0III   M0III     11.41   10.52   9.00   8.19   6.90   6.79   5.97   3.06   2.74   1.77   1.61
 60 CNC       3550  76351  08 55 55.56  +11 37 33.8  5.44       K5III   K5III     7.011   6.319   5.29   4.87   4.13   4.16   3.61   1.77   1.61   1.04   1.02
 OME HYA      3613  77996  09 05 58.38  +05 05 32.4  4.99    K2II-III   K2II-III  7.488   6.692   5.47   4.88   4.17   4.18   3.67   1.84   1.69   1.08  0.984
 SIG 1 UMA    3609  77800  09 08 23.53  +66 52 24.0  5.15       K5III   K5III     13.27   11.96   10.0   9.22   7.83   7.88   6.84   3.36   3.06   1.99   1.92
 PI 2 CNC     3669  79554  09 15 13.88  +14 56 29.5  5.36       K1III   K1III     7.122   6.291   5.13   4.59   3.96   3.97   3.51   1.77   1.63   1.04  0.949
 17 UMA       3660  79354  09 15 49.81  +56 44 29.3  5.28       K5III   K5III     13.28   11.96   10.0   9.22   7.83   7.88   6.83   3.36   3.06   1.98   1.93
 ALP LYN      3705  80493  09 21 03.46  +34 23 33.1  3.14    M0IIIvar   K7IIIab   99.29   89.47   74.9   68.9   58.5   58.9   51.1   25.1   22.8   14.8   14.4
 KAP LEO      3731  81146  09 24 39.28  +26 10 56.8  4.47       K2III   K2III     12.74   11.48   9.41   8.36   7.11   7.13   6.24   3.12   2.86   1.83   1.66
 28 HYA       3738  81420  09 25 24.04  -05 07 02.6  5.60       K5III   K5III     8.673   7.815   6.54   6.02   5.11   5.14   4.46   2.19   1.99   1.29   1.26
              3749  81799  09 27 18.30  -22 20 36.3  4.72       K1III   K2.5III   7.628   7.024   5.95   5.18   4.45   4.42   3.83   1.95   1.75   1.13   1.02
   ALP HYA          81797  09 27 35.25  -08 39 31.3  1.99       K3III             168.5   155.5   131.   113.   98.7   97.9   84.9   43.2   38.7   25.1   22.7
 6 LEO        3779  82381  09 31 57.58  +09 42 56.9  5.07       K3III   K2.5IIIb  9.290   8.575   7.26   6.31   5.44   5.39   4.68   2.38   2.13   1.38   1.25
 SAO 237067   3803  82668  09 31 13.35  -57 02 03.8  3.16       K5III   K5III     94.81   85.34   71.4   65.7   55.8   56.2   48.7   23.9   21.8   14.1   13.7
 LAM LEO      3773  82308  09 31 43.24  +22 58 05.0  4.32    K5IIIvar   K4.5IIIb  31.57   28.45   23.8   21.9   18.6   18.7   16.2   7.99   7.27   4.72   4.59
              3802  82660  09 32 55.78  -13 31 00.5  5.95       K4III   K5III     6.248   5.626   4.71   4.33   3.68   3.70   3.21   1.58   1.43  0.935  0.908
 SAO 1551     3751  81817  09 37 05.35  +81 19 35.1  4.28       K3III   K3IIIa    22.45   20.61   17.4   15.2   13.0   12.9   11.2   5.73   5.13   3.32   3.01
              3834  83425  09 38 27.39  +04 38 57.9  4.68       K3III   K3III     13.91   12.77   10.8   9.40   8.10   8.04   6.97   3.55   3.18   2.06   1.86
              3824  83126  09 39 27.92  +67 16 20.4  5.96          K5   M0III     7.111   6.564   5.61   5.11   4.32   4.25   3.72   1.90   1.71   1.10   1.00
 IOTA HYA     3845  83618  09 39 51.33  -01 08 33.6  3.90    K3IIIvar   K2.5III   24.42   22.52   19.0   16.6   14.2   14.1   12.2   6.26   5.61   3.63   3.29
              3850  83787  09 41 35.11  +31 16 40.2  5.90       K6III   K6III     10.03   8.970   7.50   6.92   5.91   5.95   5.19   2.56   2.33   1.52   1.47
 MUU LEO      3905  85503  09 52 45.96  +26 00 25.5  3.88       K0III   K2III     19.02   17.13   14.0   12.4   10.6   10.6   9.32   4.66   4.27   2.74   2.48
              3939  86378  09 59 51.72  +56 48 42.8  5.50       K5III   K5III     8.879   8.001   6.69   6.16   5.23   5.27   4.57   2.24   2.04   1.32   1.29
 31 LEO       3980  87837  10 07 54.32  +09 59 51.6  4.39       K4III   K3.5IIIb  21.78   20.06   17.0   14.8   12.7   12.6   10.9   5.58   5.00   3.23   2.93
 SAO 250905   4050  89388  10 17 05.01  -61 19 56.4  3.39        K3II   K2.5II    54.36   50.19   42.5   36.9   31.8   31.6   27.4   13.9   12.5   8.10   7.33
 SAO 237916   4063  89682  10 19 36.77  -55 01 45.5  4.59        K3II   K3II      19.89   18.37   15.5   13.5   11.6   11.5   10.0   5.11   4.57   2.96   2.68
 SAO 221998   4080  89998  10 22 19.61  -41 39 00.4  4.82    K1IIIvar   K1III     6.559   5.906   4.84   4.30   3.65   3.67   3.21   1.60   1.47  0.944  0.855
   MU UMA           89758  10 22 19.80  +41 29 58.0  3.06    M0III SB             115.4   107.8   90.7   83.5   71.5   70.5   60.5   31.3   28.0   18.2   16.5
 SAO 250979   4120  91056  10 28 52.60  -64 10 20.2  5.27        K3Ib   M0III     33.31   30.05   25.5   23.5   20.3   20.1   17.8   9.27   8.32   5.40   4.89
              4117  90957  10 29 29.01  -29 39 49.9  5.58       K3III   K3III     6.476   5.901   4.98   4.37   3.77   3.75   3.27   1.67   1.50  0.974  0.882
 GAM CHA      4174  92305  10 35 28.22  -78 36 28.1  4.11       M0III   K5III     43.98   39.63   33.1   30.5   25.9   26.1   22.6   11.1   10.1   6.58   6.40
 SAO 256742   4186  92682  10 39 15.94  -74 29 36.2  6.08        K3II   K3II      9.125   8.087   6.78   6.03   5.30   5.26   4.68   2.42   2.17   1.41   1.28
              4181  92523  10 43 04.04  +69 04 34.5  5.01       K3III   K3III     11.74   10.81   9.16   7.93   6.86   6.80   5.90   3.00   2.69   1.74   1.58
 NUU HYA      4232  93813  10 49 37.43  -16 11 38.9  3.11    K0/K1III   K1.5IIIb  46.34   41.69   34.1   30.3   25.8   25.9   22.6   11.3   10.3   6.66   6.03
                    94336  10 53 34.85  +26 12 28.1  7.04        MIII    M0III    6.361   5.876   5.02   4.57   3.86   3.80   3.33   1.70   1.53  0.993  0.899
 44 UMA       4246  94247  10 53 34.52  +54 35 06.5  5.12       K3III   K3III     8.356   7.717   6.53   5.68   4.89   4.85   4.21   2.14   1.92   1.24   1.12
 46 LMI       4247  94264  10 53 18.64  +34 12 56.0  3.79    K0III-IV   K0+III-IV 17.17   15.36   11.9   10.6   8.99   9.02   7.67   3.96   3.54   2.29   2.07
 ALP CRT      4287  95272  10 59 46.75  -18 17 56.8  4.08       K1III   K0+III    13.53   12.10   9.41   8.41   7.08   7.10   6.03   3.12   2.79   1.80   1.63
              4289  95314  11 00 11.70  -14 04 59.9  5.86       K5III   K5III     6.879   6.193   5.18   4.77   4.05   4.08   3.53   1.74   1.58   1.02  0.999
              4280  95212  11 00 14.70  +45 31 34.6  5.47       K5III   K5III     8.669   7.813   6.54   6.02   5.11   5.14   4.46   2.19   1.99   1.29   1.26
 61 LEO       4299  95578  11 01 49.67  -02 29 04.2  4.73       K5III   M0III     26.95   24.88   21.2   19.3   16.3   16.0   14.1   7.23   6.48   4.20   3.80
 PSI UMA      4335  96833  11 09 39.86  +44 29 54.8  3.00       K1III   K1III     39.80   35.81   29.3   26.0   22.1   22.2   19.4   9.73   8.93   5.72   5.18
 SAO 222647   4354  97576  11 13 14.69  -44 22 20.0  5.77    K5/M0III   K7III     12.33   10.95   9.15   8.47   7.27   7.31   6.40   3.17   2.89   1.89   1.81
 75 LEO       4371  98118  11 17 17.37  +02 00 39.3  5.18  M0III comp   M0III     16.10   14.86   12.7   11.5   9.76   9.59   8.44   4.32   3.87   2.51   2.27
 NU UMA       4377  98262  11 18 28.76  +33 05 39.3  3.49    K3III SB   K3-III    41.98   38.76   32.8   28.5   24.5   24.4   21.1   10.7   9.65   6.25   5.66
 EPS CRT      4402  99167  11 24 36.61  -10 51 33.8  4.81       K5III   K5III     23.69   21.35   17.8   16.4   13.9   14.0   12.2   6.00   5.46   3.54   3.45
 87 LEO       4432  99998  11 30 18.88  -03 00 12.5  4.77       K4III   K3.5III   18.28   16.87   14.3   12.4   10.7   10.6   9.21   4.69   4.20   2.72   2.46
   LAM DRA    4434 100029  11 31 24.29  +69 19 52.0  3.82    M0IIIvar   M0III     66.38   61.29   52.4   47.7   40.2   39.5   34.8   17.8   15.9   10.3   9.38
              4503 101666  11 41 43.95  -32 29 57.6  5.20       K5III   K5III     11.14   10.03   8.40   7.73   6.56   6.61   5.73   2.82   2.56   1.66   1.62
 CHI UMA      4518 102224  11 46 03.13  +47 46 45.6  3.69       K0III   K2III     24.86   22.38   18.3   16.3   13.8   13.9   12.1   6.08   5.58   3.57   3.24
 SAO 239373   4526 102461  11 47 19.17  -57 41 47.6  5.42       K5III   K5III     16.80   14.89   12.4   11.5   9.89   9.95   8.72   4.32   3.93   2.56   2.48
 B CEN        4546 102964  11 51 08.75  -45 10 24.4  4.47       K4III   K3III     13.49   12.42   10.5   9.16   7.88   7.82   6.78   3.45   3.09   2.00   1.81
 SAO 256905   4617 105340  12 07 50.09  -75 22 01.4  5.17    K2II/III   K2II-III  7.730   6.972   5.71   5.07   4.31   4.33   3.79   1.89   1.73   1.11   1.00
 SAO 1991     4639 105943  12 11 00.09  +81 42 35.4  6.00      K5III:   K5III     6.678   5.959   4.98   4.60   3.93   3.96   3.46   1.71   1.55   1.01  0.982
 SAO 223297   4652 106321  12 14 02.73  -45 43 26.1  5.31       K3III   K3III     9.431   8.624   7.28   6.36   5.52   5.48   4.79   2.45   2.19   1.42   1.29
 3 CVN        4690 107274  12 19 48.72  +48 59 02.9  5.28       M0III   M0III     19.78   18.11   15.4   14.1   12.0   11.8   10.4   5.38   4.82   3.13   2.83
 16 VIR       4695 107328  12 20 21.15  +03 18 45.8  4.97       K1III   K0.5IIIb  7.921   7.086   5.50   4.92   4.14   4.15   3.53   1.82   1.63   1.05  0.958
 GAM COM      4737 108381  12 26 56.33  +28 16 07.0  4.35 K2IIICN+...   K1III     10.20   9.188   7.53   6.69   5.69   5.70   4.99   2.49   2.29   1.46   1.33
              4770 108985  12 31 21.43  +07 36 15.4  6.05          K5   K5III     5.950   5.364   4.49   4.13   3.51   3.53   3.06   1.50   1.37  0.896  0.859
   GAM CRU         108903  12 31 09.93  -57 06 45.2  1.59       M4III             1187.   1046.   871.   797.   682.   683.   596.   294.   268.   174.   158.
 6 DRA        4795 109551  12 34 44.07  +70 01 18.4  4.95       K2III   K2.5III   12.79   11.78   9.98   8.69   7.48   7.42   6.43   3.27   2.93   1.90   1.72
 24 COM       4792 109511  12 35 07.76  +18 22 37.2  5.03       K2III   K2III     6.082   5.484   4.49   3.99   3.39   3.40   2.98   1.49   1.36  0.876  0.794
 CHI VIR      4813 110014  12 39 14.81  -07 59 43.8  4.66       K2III   K2III     8.923   8.035   6.58   5.85   4.97   4.99   4.36   2.18   2.00   1.28   1.16
 SAO 223614   4831 110458  12 42 35.56  -48 48 46.9  4.66       K0III   K0III     7.517   6.723   5.22   4.67   3.93   3.94   3.35   1.73   1.55   1.00  0.909
 27 COM       4851 111067  12 46 38.75  +16 34 39.5  5.12       K3III   K3III     8.376   7.736   6.55   5.69   4.90   4.87   4.22   2.15   1.92   1.24   1.13
 7 DRA        4863 111335  12 47 34.34  +66 47 25.1  5.43       K5III   K5III     12.72   11.47   9.60   8.84   7.50   7.55   6.55   3.22   2.93   1.90   1.84
 32 COM       4884 111862  12 52 12.26  +17 04 26.2  6.32       M0III   M0III     6.484   5.987   5.12   4.66   3.93   3.86   3.40   1.74   1.56   1.01  0.916
 SAO 223731   4888 111915  12 53 06.98  -48 56 35.7  4.33    K3/K4III   K3.5III   17.52   16.18   13.7   11.9   10.2   10.1   8.83   4.50   4.03   2.61   2.36
 SAO 223760   4906 112213  12 55 19.46  -42 54 56.5  5.46       M0III   M0III     18.60   16.97   14.4   13.2   11.2   11.0   9.83   5.06   4.54   2.94   2.66
 9 DRA        4928 113092  12 59 55.28  +66 35 50.3  5.37       K2III   K2III     7.061   6.362   5.21   4.63   3.94   3.95   3.46   1.73   1.58   1.01  0.921
 41 COM       4954 113996  13 07 10.71  +27 37 29.7  4.80       K5III   K5-III    17.48   15.75   13.1   12.1   10.3   10.3   9.00   4.42   4.02   2.61   2.54
              4962 114326  13 09 47.89  +16 50 55.1  5.91       K5III   K5III     6.279   5.659   4.74   4.36   3.70   3.72   3.23   1.59   1.44  0.940  0.914
              4986 114780  13 12 32.95  +11 33 22.2  5.76       M0III   M0III     9.672   8.933   7.64   6.95   5.86   5.77   5.07   2.59   2.32   1.50   1.36
              4998 115046  13 14 31.24  +11 19 54.4  5.64       M0III   M0III     9.415   8.695   7.44   6.77   5.71   5.62   4.94   2.52   2.26   1.46   1.33
              5013 115478  13 17 15.62  +13 40 32.3  5.33       K3III   K3III     6.442   5.949   5.04   4.38   3.77   3.74   3.24   1.65   1.48  0.960  0.869
 68 VIR       5064 116870  13 26 43.24  -12 42 27.4  5.27       K5III   M0IIIv    13.13   12.12   10.3   9.44   7.95   7.82   6.88   3.52   3.16   2.04   1.85
 69 VIR       5068 116976  13 27 27.24  -15 58 25.1  4.76  K1IIICN...   K0-IIIb   6.591   5.895   4.58   4.09   3.44   3.46   2.93   1.51   1.36  0.880  0.797
 SAO 241098   5152 119193  13 42 54.64  -50 47 24.7  6.43       M0III   M0III     7.756   7.085   6.04   5.52   4.69   4.62   4.09   2.10   1.89   1.22   1.11
 UPS BOO      5200 120477  13 49 28.70  +15 47 52.1  4.05    K5IIIvar   K5.5III   39.80   35.87   30.0   27.6   23.4   23.6   20.5   10.0   9.17   5.95   5.79
 AW CVN       5219 120933  13 51 47.49  +34 26 39.5  4.76       K5III   K5III     52.34   46.54   38.9   35.9   30.8   31.0   27.1   13.4   12.2   7.97   7.74
 9 BOO        5247 121710  13 56 34.16  +27 29 31.9  5.02    K3IIIvar   K3IIIb    11.72   10.82   9.17   7.97   6.87   6.81   5.91   3.01   2.69   1.74   1.58
 THE CEN      5288 123139  14 06 41.32  -36 22 07.3  2.06      K0IIIb   K0-IIIb   77.92   69.70   54.2   48.4   40.7   40.9   34.7   17.9   16.0   10.4   9.42
 PI HYA       5287 123123  14 06 22.27  -26 40 55.3  3.25       K2III   K2-III    31.23   28.11   23.0   20.4   17.4   17.4   15.2   7.64   7.01   4.49   4.07
 4 UMI        5321 124547  14 08 51.01  +77 32 50.8  4.80       K3III   K3-IIIb   13.62   12.55   10.6   9.26   7.97   7.90   6.85   3.49   3.12   2.02   1.83
 KAP VIR      5315 124294  14 12 53.74  -10 16 26.6  4.18       K3III   K2.5III   21.80   20.07   17.0   14.7   12.7   12.6   10.9   5.58   5.00   3.24   2.93
   ALP BOO         124897  14 15 40.35  +19 11 14.2  0500      K2IIIp             957.7   859.5   704.   626.   532.   533.   466.   232.   213.   137.   124.
 20 BOO       5370 125560  14 19 45.32  +16 18 24.5  4.84       K3III   K3III     7.617   7.034   5.96   5.17   4.46   4.42   3.84   1.95   1.75   1.13   1.02
 51 HYA       5381 125932  14 23 05.91  -27 45 13.4  4.78       K3III   K3III     10.38   9.555   8.09   7.01   6.06   6.01   5.21   2.65   2.38   1.54   1.39
 DEL OCT      5339 124882  14 26 55.74  -83 40 04.3  4.31       K2III   K2III     18.20   16.41   13.4   11.9   10.1   10.2   8.93   4.46   4.09   2.62   2.37
 106 VIR      5410 126927  14 28 41.73  -06 54 01.5  5.42       K5III   K5III     9.915   8.936   7.48   6.88   5.85   5.89   5.10   2.51   2.28   1.48   1.44
                   127093  14 28 46.02  +25 51 14.1  6.67        MIII    M0III    12.31   11.37   9.73   8.86   7.48   7.36   6.46   3.30   2.96   1.92   1.74
 RHO BOO      5429 127665  14 31 49.86  +30 22 16.1  3.57       K3III   K3-III    30.64   28.21   23.9   20.6   17.9   17.7   15.4   7.84   7.03   4.55   4.12
              5442 128000  14 32 30.93  +55 23 53.0  5.74       K5III   K5III     8.100   7.300   6.11   5.62   4.77   4.81   4.17   2.05   1.86   1.21   1.17
 SAO 225054   5444 128068  14 36 19.06  -46 14 43.8  5.55       K3III   K3III     8.414   7.670   6.47   5.66   4.93   4.89   4.29   2.20   1.97   1.28   1.16
              5464 128902  14 38 12.67  +43 38 31.4  5.74       K2III   K2III     8.420   7.329   5.95   5.37   4.67   4.68   4.19   2.13   1.96   1.26   1.14
   ALP CEN         128620  14 39 40.90  -60 50 06.5  0100         G2V             230.8   207.4   161.   144.   120.   120.   103.   52.7   47.3   30.7   27.8
              5513 130157  14 47 13.66  -21 19 29.6  6.05    K4/K5III   K5III     8.058   7.159   5.98   5.53   4.74   4.77   4.17   2.06   1.88   1.22   1.19
 ALP APS      5470 129078  14 47 51.73  -79 02 41.0  3.83       K5III   K3III     31.24   28.68   24.3   21.2   18.2   18.0   15.6   7.98   7.15   4.63   4.19
 58 HYA       5526 130694  14 50 17.47  -27 57 36.8  4.42       K3III   K2.5IIIb  20.61   18.97   16.0   13.9   12.0   11.9   10.3   5.27   4.72   3.06   2.77
   BET UMI         131873  14 50 42.40  +74 09 19.7  2.07    K4IIIvar             485.0   431.8   360.   330.   279.   281.   244.   127.   112.   73.1   66.2
 SAO 140276   5590 132833  15 01 19.81  -02 45 17.5  5.52       M0III   M0III     17.49   15.99   13.6   12.4   10.6   10.4   9.26   4.77   4.27   2.77   2.51
 110 VIR      5601 133165  15 02 54.07  +02 05 28.6  4.39       K0III   K0+IIIb   10.09   9.034   7.02   6.28   5.28   5.31   4.51   2.32   2.08   1.34   1.22
 SAO 206292   5615 133550  15 06 13.95  -36 15 52.5  6.27       K5III   K5-III    7.840   6.965   5.82   5.38   4.61   4.64   4.06   2.01   1.83   1.19   1.15
 NU LIB       5622 133774  15 06 37.62  -16 15 24.3  5.19       K5III   K5III     15.05   13.56   11.3   10.4   8.87   8.93   7.75   3.81   3.46   2.25   2.19
 2 LUP        5686 135758  15 17 49.84  -30 08 55.2  4.35    K1II/III   K0-IIIa   9.491   8.491   6.60   5.90   4.96   4.99   4.24   2.18   1.95   1.26   1.14
              5690 136028  15 18 26.13  -00 27 40.5  5.88       K5III   K5III     6.508   5.866   4.91   4.52   3.83   3.86   3.35   1.64   1.50  0.975  0.946
 PHI 1 LUP    5705 136422  15 21 48.44  -36 15 40.2  3.57       K5III   K5III     60.28   54.27   45.4   41.8   35.5   35.7   31.0   15.2   13.8   9.02   8.76
 IOTA DRA     5744 137759  15 24 55.78  +58 57 57.7  3.29       K2III   K2III     30.83   27.75   22.7   20.2   17.1   17.2   15.0   7.54   6.92   4.43   4.01
              5755 138265  15 27 51.44  +60 40 12.8  5.90       K5III   K5III     6.453   5.816   4.87   4.48   3.80   3.83   3.32   1.63   1.48  0.967  0.938
 ZET 1 LIB    5743 137744  15 28 15.40  -16 42 59.1  5.64       K4III   K4.5III   9.223   8.303   6.95   6.39   5.43   5.47   4.74   2.33   2.12   1.38   1.34
 NU 1 BOO     5763 138481  15 30 55.75  +40 49 59.0  5.04       K5III   K4.5IIIb  18.57   16.73   14.0   12.9   10.9   11.0   9.56   4.70   4.28   2.77   2.70
 THE UMI      5826 139669  15 31 25.05  +77 20 57.6  5.00       K5III   K5-III    16.39   14.77   12.3   11.3   9.67   9.73   8.44   4.15   3.78   2.45   2.38
 EPS TRA      5771 138538  15 36 43.19  -66 19 00.9  4.11       K0III   K1.5III   14.46   13.04   10.6   9.50   8.08   8.11   7.09   3.55   3.25   2.08   1.88
 UPS LIB      5794 139063  15 37 01.46  -28 08 06.3  3.60       K3III   K3.5III   36.14   33.37   28.2   24.5   21.1   21.0   18.2   9.28   8.31   5.38   4.87
 OME LUP      5797 139127  15 38 03.32  -42 34 02.9  4.34     K4.5III   K4.5III   21.40   19.25   16.1   14.8   12.6   12.7   11.0   5.43   4.94   3.21   3.12
 42 LIB       5824 139663  15 40 16.91  -23 49 05.0  4.97       K3III   K3-III    8.438   7.771   6.58   5.69   4.93   4.89   4.24   2.16   1.93   1.25   1.13
 ALP SER      5854 140573  15 44 16.00  +06 25 31.9  2.63       K2III   K2IIIb    53.55   48.21   39.5   35.1   29.8   29.9   26.2   13.1   12.0   7.70   6.98
 KAP SER      5879 141477  15 48 44.41  +18 08 30.4  4.09       M1III   M0.5IIIab 54.21   50.05   42.8   38.9   32.8   32.2   28.4   14.5   13.0   8.45   7.66
 RHO SER      5899 141992  15 51 15.94  +20 58 40.4  4.74       K5III   K4.5III   21.49   19.37   16.2   14.9   12.6   12.7   11.0   5.44   4.95   3.22   3.12
 IRC+20288    5924 142574  15 54 34.66  +20 18 39.1  5.45       M0III   K8IIIb    14.00   12.52   10.4   9.66   8.25   8.30   7.24   3.57   3.25   2.11   2.05
 EPS CRB      5947 143107  15 57 35.30  +26 52 40.9  4.14       K3III   K2IIIab   17.31   15.59   12.7   11.3   9.65   9.68   8.47   4.23   3.88   2.49   2.25
              5957 143435  15 58 57.70  +36 38 37.3  5.61       K5III   K5III     9.046   8.152   6.82   6.28   5.33   5.37   4.65   2.29   2.08   1.35   1.31
 SAO 253368        142676  15 59 50.03  -64 51 14.9  6.89     M0/M1II    M0-1II   5.730   5.252   4.48   4.10   3.50   3.46   3.03   1.56   1.39  0.907  0.822
              5981 144204  16 02 05.56  +52 54 57.6  5.93       K5III   K5III     6.428   5.792   4.85   4.46   3.79   3.81   3.31   1.62   1.48  0.962  0.936
 9 HER        6047 145892  16 13 15.41  +05 01 16.0  5.46       K5III   K5III     8.558   7.713   6.46   5.94   5.04   5.08   4.40   2.16   1.97   1.28   1.24
 CHI SCO      6048 145897  16 13 50.91  -11 50 15.8  5.24       K3III   K3III     8.633   7.904   6.68   5.83   5.06   5.02   4.38   2.24   2.01   1.30   1.18
 DEL OPH      6056 146051  16 14 20.77  -03 41 38.3  2.73       M1III   M0.5III   180.4   166.4   142.   129.   109.   107.   94.7   48.5   43.4   28.1   25.5
 EPS OPH      6075 146791  16 18 19.24  -04 41 33.4  3.23       G8III   G9.5IIIb  23.48   21.00   16.3   14.6   12.2   12.3   10.4   5.41   4.84   3.13   2.84
              6154 149009  16 31 13.44  +22 11 43.6  5.76       K5III   K5III     10.32   9.219   7.71   7.12   6.08   6.12   5.34   2.64   2.40   1.56   1.52
 AFGL 4228    6166 149447  16 36 22.46  -35 15 19.3  4.18       K5III   K6III     40.84   36.77   30.7   28.3   24.0   24.2   21.0   10.3   9.40   6.11   5.93
 43 HER       6228 151217  16 45 49.89  +08 34 57.3  5.15       K5III   K5III     14.96   13.48   11.2   10.3   8.82   8.88   7.70   3.79   3.44   2.23   2.18
 ALP TRA      6217 150798  16 48 39.87  -69 01 39.5  1.91  K2IIb-IIIa   K2II      178.6   160.8   131.   117.   99.6   99.9   87.4   43.7   40.1   25.7   23.2
 ETA ARA      6229 151249  16 49 47.11  -59 02 28.7  3.77       K5III   K5III     58.00   52.22   43.7   40.2   34.1   34.4   29.8   14.6   13.3   8.68   8.43
 EPS SCO      6241 151680  16 50 10.24  -34 17 33.4  2.29      K2IIIb   K2.5III   71.17   65.76   55.7   48.3   41.7   41.3   35.9   18.2   16.3   10.6   9.61
 51 HER       6270 152326  16 51 45.26  +24 39 23.1  5.03    K2II-III   K0.5IIIa  7.157   6.403   4.97   4.45   3.74   3.76   3.19   1.65   1.47  0.956  0.865
 KAP OPH      6299 153210  16 57 40.27  +09 22 30.2  3.19    K2IIIvar   K2III     32.75   29.48   24.1   21.4   18.2   18.3   16.0   8.01   7.35   4.71   4.27
              6388 155410  17 09 33.28  +40 46 37.3  5.07       K3III   K3III     7.630   7.047   5.97   5.18   4.47   4.43   3.84   1.95   1.75   1.13   1.03
 PI HER       6418 156283  17 15 02.85  +36 48 33.0  3.16     K3IIvar   K3II      55.52   51.28   43.4   37.7   32.5   32.2   28.0   14.2   12.7   8.27   7.49
                   156652  17 17 34.65  +28 54 47.7  6.88  M2III comp    M0III+   6.518   6.020   5.15   4.69   3.95   3.89   3.42   1.75   1.56   1.01  0.921
              6529 158996  17 19 37.05  +80 08 11.0  5.74       K5III   K5III     6.889   6.204   5.19   4.78   4.06   4.08   3.54   1.74   1.58   1.03   1.00
 74 HER       6464 157325  17 20 21.15  +46 14 26.4  5.51       M0III   M0III     12.14   11.21   9.59   8.73   7.36   7.23   6.36   3.26   2.92   1.89   1.71
 ZET APS      6417 156277  17 21 59.53  -67 46 14.3  4.76       K1III   K2-III    9.443   8.500   6.96   6.19   5.26   5.28   4.62   2.31   2.11   1.35   1.23
 SIG OPH      6498 157999  17 26 30.88  +04 08 25.2  4.34     K3IIvar   K2II      23.23   20.91   17.1   15.2   12.9   12.9   11.3   5.68   5.21   3.34   3.02
 LAM HER      6526 158899  17 30 44.30  +26 06 38.2  4.41    K3IIIvar   K3.5III   18.59   17.17   14.5   12.6   10.9   10.8   9.37   4.77   4.27   2.77   2.51
 BET OPH      6603 161096  17 43 28.38  +04 34 00.9  2.76       K2III   K2III     47.57   42.82   35.1   31.1   26.5   26.6   23.2   11.6   10.6   6.84   6.20
 XI DRA       6688 163588  17 53 31.63  +56 52 20.8  3.73       K2III   K2III     21.67   19.51   15.9   14.2   12.0   12.1   10.6   5.30   4.86   3.11   2.82
   GAM DRA         164058  17 56 36.38  +51 29 20.2  2.24       K5III             193.5   179.7   147.   135.   116.   118.   100.   49.0   44.4   29.0   26.3
 THE HER      6695 163770  17 56 15.18  +37 15 01.9  3.86     K1IIvar   K1IIa     22.02   19.82   16.2   14.4   12.2   12.3   10.7   5.38   4.94   3.16   2.87
 SAO 228578   6682 163376  17 57 47.81  -41 42 58.5  4.88       M0III   M0III     30.22   27.64   23.6   21.5   18.2   17.9   15.9   8.19   7.34   4.76   4.31
              6728 164646  17 59 56.20  +45 30 05.3  5.69       M0III   M0IIIab   10.48   9.681   8.28   7.54   6.35   6.25   5.50   2.81   2.52   1.63   1.48
              6854 168323  18 18 07.72  +23 17 49.0  6.45          K5   K5III     9.126   8.222   6.88   6.33   5.38   5.41   4.70   2.31   2.10   1.37   1.32
 KAP LYR      6872 168775  18 19 51.72  +36 03 52.0  4.33    K2IIIvar   K2-IIIab  11.55   10.40   8.52   7.57   6.44   6.46   5.65   2.82   2.59   1.66   1.50
 ETA SER      6869 168723  18 21 18.92  -02 53 49.6  3.23    K0III-IV   K0III-IV  23.12   20.67   16.0   14.3   12.0   12.1   10.3   5.32   4.77   3.08   2.79
 SAO 210048   6862 168592  18 22 18.60  -38 39 24.6  5.09    K4/K5III   K4-5III   13.19   11.89   9.96   9.17   7.78   7.84   6.80   3.34   3.04   1.98   1.90
 109 HER      6895 169414  18 23 41.77  +21 46 13.2  3.85       K2III   K2IIIab   20.37   18.33   15.0   13.3   11.3   11.3   9.96   4.98   4.57   2.93   2.65
 42 DRA       6945 170693  18 25 58.99  +65 33 48.8  4.82       K2III   K1.5III   9.103   8.202   6.72   5.97   5.08   5.09   4.46   2.23   2.04   1.31   1.18
 LAM SGR      6913 169916  18 27 58.27  -25 25 16.5  2.82      K1IIIb   K1IIIb    39.87   35.89   29.4   26.1   22.2   22.3   19.5   9.75   8.95   5.73   5.19
                   170951  18 31 09.66  +25 09 47.8  7.81        MIII    M0III    5.585   5.159   4.41   4.02   3.39   3.34   2.93   1.50   1.34  0.871  0.789
   ALP LYR         172167  18 36 56.19  +38 46 58.8  0300      A0Vvar             54.75   49.18   38.2   34.1   28.4   28.5   24.4   12.4   11.1   7.25   6.58
 ZET PAV      6982 171759  18 43 02.13  -71 25 39.8  4.01       K2III   K0III     17.98   16.09   12.5   11.1   9.41   9.47   8.05   4.14   3.71   2.40   2.17
 IRC+30342    7064 173780  18 46 04.47  +26 39 43.5  4.83       K3III   K2III     8.413   7.574   6.20   5.51   4.69   4.70   4.11   2.05   1.88   1.21   1.09
 SAO 229336   7092 174387  18 52 27.21  -46 35 42.4  5.51       M0III   M0III     14.84   13.60   11.6   10.6   8.99   8.84   7.81   4.01   3.60   2.33   2.11
 UPS DRA      7180 176524  18 54 23.77  +71 17 49.5  4.82       K0III   K0III     7.483   6.694   5.20   4.65   3.91   3.93   3.34   1.72   1.54  0.999  0.905
 XI 2 SGR     7150 175775  18 57 43.78  -21 06 23.8  3.52 G8/K0II/III   K1III     25.20   22.69   18.6   16.5   14.0   14.1   12.3   6.16   5.65   3.62   3.28
 LAM LYR      7192 176670  19 00 00.82  +32 08 43.8  4.94       K3III   K2.5III   11.36   10.41   8.79   7.68   6.66   6.61   5.77   2.95   2.64   1.71   1.55
              7237 177808  19 04 57.82  +31 44 39.3  5.63       M0III   M0III     10.35   9.566   8.18   7.45   6.28   6.17   5.43   2.78   2.49   1.61   1.46
 TAU SGR      7234 177716  19 06 56.44  -27 40 11.3  3.32    K1/K2III   K1.5IIIb  34.28   30.85   25.2   22.4   19.1   19.1   16.7   8.38   7.69   4.93   4.46
 BET CRA      7259 178345  19 10 01.75  -39 20 26.5  4.10 K0II/IIICN.   K0II      15.24   13.63   10.6   9.48   7.97   8.00   6.79   3.51   3.14   2.03   1.84
 IRC+30364    7302 180450  19 15 24.84  +30 31 35.2  5.88       M0III   M0III     14.60   13.36   11.4   10.4   8.86   8.72   7.72   3.97   3.56   2.31   2.09
 SAO 229584   7289 179886  19 16 21.74  -45 27 57.8  5.38       K3III   K3III     7.553   6.954   5.89   5.13   4.41   4.37   3.79   1.93   1.73   1.12   1.01
              7323 181109  19 20 26.20  -31 49 03.4  6.56    K5/M0III   M0III     6.889   6.293   5.37   4.91   4.17   4.10   3.64   1.87   1.67   1.09  0.987
 ALP VUL      7405 183439  19 28 42.41  +24 39 54.6  4.44     M0 comp   M0.5IIIb  34.70   32.04   27.4   24.9   21.0   20.6   18.2   9.32   8.35   5.41   4.90
 SAO 254590   7383 182709  19 31 10.94  -68 26 02.0  5.98    K4/K5III   K4-5III   9.834   8.761   7.32   6.76   5.80   5.83   5.10   2.52   2.30   1.51   1.43
 MUU AQL      7429 184406  19 34 05.23  +07 22 45.5  4.45       K3III   K3-IIIb   10.53   9.701   8.22   7.11   6.15   6.10   5.29   2.69   2.41   1.56   1.41
                   184827  19 34 56.09  +33 47 43.7  6.64          M0    M0III    14.45   13.34   11.4   10.3   8.79   8.67   7.58   3.88   3.47   2.25   2.04
 SAO 254627   7455 184996  19 41 37.24  -65 51 15.3  6.08       M0III   M0III     6.998   6.468   5.53   5.04   4.27   4.23   3.67   1.88   1.68   1.09  0.990
              7514 186619  19 43 45.08  +41 46 23.1  5.86       M0III   M0IIIab   9.271   8.561   7.32   6.67   5.62   5.53   4.86   2.49   2.23   1.44   1.31
 GAM AQL      7525 186791  19 46 15.57  +10 36 47.8  2.72        K3II   K3II      97.99   89.14   75.3   65.7   57.1   56.6   49.5   25.3   22.7   14.7   13.3
                   187150  19 48 50.17  -12 19 09.7  6.47       K5III    K5III    6.921   6.160   5.15   4.76   4.07   4.10   3.58   1.77   1.61   1.05   1.02
 20 CYG       7576 188056  19 50 37.73  +52 59 17.4  5.03    K3IIIvar   K3III     7.143   6.597   5.59   4.85   4.18   4.15   3.60   1.83   1.64   1.06  0.964
              7559 187660  19 51 11.10  -02 27 39.2  6.12       K5III   K5III     6.212   5.598   4.68   4.31   3.66   3.68   3.19   1.57   1.43  0.930  0.904
 XI AQL       7595 188310  19 54 14.82  +08 27 41.9  4.71       K0III   G9.5IIIb  7.188   6.430   4.99   4.47   3.76   3.77   3.20   1.65   1.48  0.960  0.869
 56 AQL       7584 188154  19 54 08.27  -08 34 27.0  5.76       K5III   K5III     11.61   10.34   8.64   7.99   6.84   6.89   6.02   2.98   2.71   1.76   1.71
 IOTA SGR     7581 188114  19 55 15.68  -41 52 06.3  4.12       K0III   K0II-III  14.08   12.59   9.79   8.75   7.36   7.39   6.27   3.24   2.90   1.88   1.70
              7633 189276  19 55 55.39  +58 50 45.7  4.98    K5II-III   K4.5IIIa  17.21   15.39   12.8   11.8   10.1   10.2   8.90   4.39   4.00   2.59   2.53
 59 SGR       7604 188603  19 56 56.82  -27 10 11.5  4.54       K3III   K2.5IIb   17.31   15.80   13.3   11.6   10.1   10.0   8.81   4.52   4.05   2.62   2.38
 GAM SGE      7635 189319  19 58 45.39  +19 29 31.5  3.51       K5III   M0-III    69.71   64.36   55.0   50.1   42.2   41.5   36.5   18.7   16.7   10.8   9.85
              7648 189695  20 00 58.97  +08 33 28.0  5.90       K5III   K5III     7.495   6.755   5.65   5.20   4.42   4.45   3.86   1.89   1.72   1.12   1.09
 SAO 229977   7627 189140  20 00 26.47  -43 02 36.0  6.11       M0III   M0II-III  9.675   8.876   7.57   6.92   5.90   5.83   5.11   2.62   2.35   1.52   1.38
 SAO 211767   7652 189831  20 03 33.41  -37 56 25.8  4.77       K4III   K5III     14.32   12.89   10.7   9.93   8.43   8.49   7.36   3.62   3.29   2.14   2.08
              7659 190056  20 04 19.56  -32 03 22.6  4.99    K1III/IV   K1III     8.899   8.013   6.56   5.83   4.96   4.97   4.35   2.17   1.99   1.28   1.16
              7742 192781  20 13 27.57  +60 38 25.6  5.81       K5III   K5III     6.595   5.938   4.97   4.57   3.88   3.91   3.39   1.66   1.51  0.986  0.958
 66 AQL       7720 192107  20 13 13.87  -01 00 33.4  5.44       K5III   K5III     11.04   9.958   8.33   7.67   6.51   6.56   5.69   2.79   2.54   1.65   1.60
              7780 193579  20 20 21.40  +17 47 34.8  5.82       K5III   K5III     7.262   6.547   5.48   5.04   4.28   4.31   3.74   1.83   1.67   1.09   1.05
 SAO 246535   7758 193002  20 20 32.30  -55 03 02.9  6.27    M0/M1III   M0-1III   7.246   6.698   5.73   5.22   4.42   4.38   3.80   1.94   1.74   1.13   1.02
 70 AQL       7873 196321  20 36 43.63  -02 32 59.7  4.91        K5II   K5II      19.87   17.89   14.9   13.7   11.7   11.7   10.2   5.02   4.57   2.97   2.88
 ALP IND      7869 196171  20 37 33.99  -47 17 30.0  3.11       K0III   K0III     28.14   25.17   19.5   17.5   14.7   14.7   12.5   6.48   5.80   3.75   3.40
              7909 196917  20 41 23.58  -31 35 53.3  5.75       M1III   M0III     11.52   10.63   9.10   8.28   6.98   6.86   6.04   3.09   2.77   1.79   1.62
 52 CYG       7942 197912  20 45 39.76  +30 43 10.8  4.22       K0III   K0IIIa    11.54   10.32   8.02   7.17   6.03   6.06   5.15   2.66   2.38   1.54   1.39
 ETA CEP      7957 198149  20 45 17.27  +61 50 12.5  3.41        K0IV   K0IV      18.72   16.75   13.0   11.6   9.79   9.83   8.35   4.31   3.86   2.50   2.26
 EPS CYG      7949 197989  20 46 12.43  +33 58 10.0  2.48       K0III   K0III     54.80   49.01   38.1   34.0   28.6   28.7   24.4   12.6   11.3   7.31   6.62
 T CYG        7956 198134  20 47 10.72  +34 22 26.8  4.93    K3IIIvar   K3III     8.840   8.166   6.92   6.01   5.18   5.14   4.45   2.27   2.03   1.31   1.19
 ZET IND      7952 198048  20 49 28.93  -46 13 36.8  4.90       K5III   K5III     17.39   15.65   13.1   12.0   10.2   10.3   8.94   4.40   4.00   2.60   2.52
 SAO 212488   7971 198357  20 51 00.76  -37 54 47.8  5.52       K3III   K3II      6.332   5.826   4.93   4.30   3.69   3.66   3.18   1.62   1.45  0.940  0.851
 OME CAP      7980 198542  20 51 49.30  -26 55 08.9  4.12       K4III   M0III     47.87   44.13   37.7   34.3   28.9   28.4   25.0   12.8   11.5   7.45   6.75
              8005 199101  20 53 53.91  +33 26 16.1  5.47       K5III   K5III     10.96   9.883   8.27   7.61   6.46   6.51   5.64   2.77   2.52   1.64   1.59
 7 AQR        8015 199345  20 56 54.03  -09 41 51.1  5.49       K5III   K5III     8.508   7.660   6.41   5.90   5.01   5.04   4.37   2.15   1.95   1.27   1.23
 33 VUL       8032 199697  20 58 16.35  +22 19 33.3  5.30       K4III   K3.5III   8.288   7.655   6.48   5.63   4.85   4.81   4.18   2.12   1.90   1.23   1.11
 SAO 246824        199642  21 00 43.41  -53 44 20.5  6.26    K5/M0III    K5-M0III 6.583   5.893   4.92   4.54   3.88   3.91   3.41   1.68   1.53   1.00  0.955
 3 EQU        8066 200644  21 04 34.64  +05 30 10.3  5.63       K5III   K5III     10.90   9.700   8.11   7.50   6.42   6.46   5.66   2.80   2.55   1.65   1.61
 24 CAP       8080 200914  21 07 07.69  -25 00 20.7  4.49    K5/M0III   M0.5III   35.26   32.53   27.8   25.3   21.3   21.0   18.5   9.48   8.49   5.50   4.99
              8090 201298  21 08 28.15  +06 59 21.7  6.14       K5III   K5III     10.26   9.126   7.62   7.05   6.05   6.09   5.33   2.64   2.40   1.56   1.51
              8110 201901  21 13 17.27  -27 37 08.6  5.41       K3III   K3III     8.248   7.586   6.43   5.60   4.81   4.77   4.14   2.11   1.89   1.22   1.10
              8168 203399  21 15 42.39  +77 00 44.1  5.92       K5III   K5III     7.045   6.350   5.31   4.89   4.15   4.18   3.63   1.78   1.62   1.06   1.01
 1 PEG        8173 203504  21 22 05.13  +19 48 15.7  4.08       K1III   K1III     12.94   11.65   9.55   8.49   7.22   7.24   6.33   3.17   2.90   1.86   1.68
 NU OCT       8254 205478  21 41 28.47  -77 23 22.1  3.73       K0III   K0III     15.31   13.70   10.6   9.53   8.01   8.06   6.86   3.53   3.16   2.04   1.85
 26 AQR       8287 206445  21 42 10.12  +01 17 07.0  5.66       K2III   K2III     7.022   6.135   4.99   4.49   3.90   3.91   3.48   1.77   1.62   1.04  0.948
 LAM GRU      8411 209688  22 06 06.90  -39 32 35.0  4.47       M0III   K3III     14.58   13.46   11.4   9.91   8.54   8.47   7.35   3.74   3.35   2.17   1.96
 ALP TUC      8502 211416  22 18 30.18  -60 15 34.2  2.87       K3III   K3III     71.32   65.87   55.8   48.4   41.8   41.4   35.9   18.3   16.4   10.6   9.62
 5 LAC        8572 213310  22 29 31.82  +47 42 24.8  4.34        M0II   M0II+B8V  53.02   48.97   41.9   38.1   32.2   31.7   27.8   14.2   12.7   8.27   7.49
 11 LAC       8632 214868  22 40 30.78  +44 16 34.6  4.50       K3III   K2.5III   14.15   12.97   10.9   9.57   8.29   8.23   7.18   3.67   3.29   2.13   1.93
 SAO 3794     8702 216446  22 47 28.95  +83 09 13.4  4.77       K3III   K3III     10.35   9.504   8.05   7.04   6.03   5.98   5.19   2.64   2.36   1.53   1.38
 PI 2 AQR     8679 216032  22 49 35.51  -13 35 33.1  4.05       K5III   M0III     47.09   43.47   37.2   33.8   28.5   28.0   24.7   12.6   11.3   7.34   6.65
 SAO 214134   8685 216149  22 51 02.15  -39 09 24.5  5.43       K3III   M0III     7.734   7.141   6.11   5.56   4.68   4.60   4.05   2.07   1.86   1.20   1.09
 15 LAC       8699 216397  22 52 01.95  +43 18 44.5  4.95       M0III   M0III     20.48   18.91   16.1   14.7   12.4   12.2   10.7   5.50   4.92   3.19   2.89
   BET PEG         217906  23 03 46.33  +28 04 56.8  2.44 M2II-IIIvar             485.0   431.8   360.   330.   279.   281.   244.   127.   112.   73.1   66.2
 KAP GRU      8774 217902  23 04 39.57  -53 57 52.7  5.37       K5III   K5III     10.43   9.392   7.86   7.23   6.14   6.18   5.36   2.63   2.40   1.56   1.51
 4 AND        8804 218452  23 07 39.28  +46 23 14.3  5.30       K5III   K5III     8.536   7.693   6.44   5.93   5.03   5.06   4.39   2.16   1.96   1.27   1.24
 IOTA GRU     8820 218670  23 10 21.43  -45 14 47.9  3.88    K0III SB   K1III     12.08   10.87   8.91   7.92   6.73   6.76   5.91   2.95   2.71   1.73   1.57
 PSI 1 AQR    8841 219449  23 15 53.28  -09 05 15.7  4.24       K0III   K1-III    11.09   9.992   8.19   7.27   6.18   6.20   5.43   2.71   2.49   1.59   1.44
 GAM SCL      8863 219784  23 18 49.43  -32 31 54.6  4.41       K1III   K1III     10.05   9.055   7.42   6.59   5.60   5.62   4.92   2.46   2.25   1.44   1.31
 10 AND       8876 219981  23 19 52.38  +42 04 40.9  5.81       M0III   M0III     7.292   6.723   5.75   5.23   4.41   4.33   3.81   1.95   1.75   1.13   1.02
 7 PSC        8878 220009  23 20 20.54  +05 22 53.2  5.05       K2III   K2III     8.788   7.912   6.48   5.76   4.90   4.91   4.30   2.15   1.97   1.26   1.14
 63 PEG       8882 220088  23 20 49.50  +30 24 54.3  5.58       M0III   M0III     9.957   9.194   7.86   7.16   6.03   5.93   5.22   2.67   2.39   1.55   1.40
 66 PEG       8893 220363  23 23 04.56  +12 18 50.2  5.09       K3III   K3III     7.846   7.246   6.14   5.33   4.59   4.56   3.95   2.01   1.80   1.16   1.05
 SAO 247858   8898 220440  23 24 13.24  -51 53 27.9  5.75       M0III   M0III     10.21   9.419   8.06   7.33   6.18   6.07   5.35   2.74   2.45   1.59   1.44
 THE PSC      8916 220954  23 27 58.17  +06 22 44.8  4.27       K1III   K0.5III   10.48   9.380   7.29   6.52   5.48   5.50   4.67   2.41   2.16   1.40   1.26
                   221588  23 32 56.44  +46 07 25.3  6.61          M0    M0III    10.91   10.00   8.54   7.80   6.65   6.57   5.76   2.96   2.65   1.72   1.56
 GAM CEP      8974 222404  23 39 20.98  +77 37 55.1  3.21        K1IV   K1III-IV  25.30   22.80   18.6   16.6   14.1   14.1   12.4   6.20   5.68   3.64   3.30
              9073 224630  23 59 27.90  -29 29 06.6  5.59       K5III   K5III     11.39   10.17   8.51   7.85   6.71   6.75   5.89   2.91   2.65   1.72   1.67
