ORIGIN  
DATE    
IRAF-TLM
TRCTRA  
TRCTRB  
TRFWHMA 
TRFWHMB 
TRFWHMC 
INSTRUME
OBJECT  
OBSTYPE 
OBSCLASS
GEMPRGID
OBSID   
DATALAB 
OBSERVER
OBSERVAT
TELESCOP
PARALLAX
RADVEL  
EPOCH   
EQUINOX 
TRKEQUIN
SSA     
RA      
DEC     
ELEVATIO
AZIMUTH 
CRPA    
HA      
LT      
TRKFRAME
DECTRACK
TRKEPOCH
RATRACK 
FRAME   
PMDEC   
PMRA    
WAVELENG
RAWIQ   
RAWCC   
RAWWV   
RAWBG   
RAWPIREQ
RAWGEMQA
CGUIDMOD
UT      
M2BAFFLE
M2CENBAF
ST      
XOFFSET 
YOFFSET 
POFFSET 
QOFFSET 
RAOFFSET
DECOFFSE
RATRGOFF
DECTRGOF
PA      
IAA     
SFRT2   
SFTILT  
SFLINEAR
AOFOLD  
PWFS1_ST
PWFS2_ST
OIWFS_ST
AOWFS_ST
P2ARA   
P2ARV   
P2AWAVEL
P2ADEC  
P2AEPOCH
P2AEQUIN
P2AFRAME
P2AOBJEC
P2APMDEC
P2APMRA 
P2APARAL
P2FOCUS 
HUMIDITY
TAMBIENT
TAMBIEN2
PRESSURE
PRESSUR2
DEWPOINT
DEWPOIN2
WINDSPEE
WINDSPE2
WINDDIRE
INPORT  
DATE-OBS
TIME-OBS
UTSTART 
CHPTHROW
CHPDUTY 
CHPPA   
TELFOC  
INSTALIG
FOCOFFS 
PWV     
UTEND   
AZIMEND 
ELEVEND 
HAEND   
CRPAEND 
TELFOCEN
ENDPWV  
