00001
100029
10110
101666
102224
102461
102964
1032
10380
105340
10550
105943
106321
107274
107328
108381
108985
109511
109551
110014
110458
111067
111335
111862
111915
112213
113092
11353
113996
114326
114780
115046
115478
116870
116976
119193
120477
120933
121710
123123
123139
1240
124294
124547
124882
12524
125560
1255
125932
126927
127093
127665
128000
128068
128902
129078
12929
130157
130694
132833
133165
133550
133774
13520
135758
13596
136028
136422
137744
137759
138265
138481
138538
139063
139127
139663
139669
140573
14146
141477
141992
142574
142676
143107
143435
144204
145892
145897
146051
14641
146791
14872
14890
149009
149447
150798
151217
151249
151680
1522
152326
152880
153210
155410
156277
156283
15656
156652
157325
157999
158899
158996
161096
16212
1632
163376
163588
1635
163770
164646
16815
168323
168592
168723
168775
169414
169916
170693
170951
171759
17361
173780
174387
175775
176524
176670
17709
177716
177808
178345
179886
180450
181109
182709
18293
183439
184406
18449
184827
184996
186619
186791
187150
187660
1879
188056
188114
188154
188310
188603
189140
189276
189319
189695
189831
190056
192107
192781
193002
193579
19460
19476
196171
196321
19656
196917
197912
197989
198048
198134
198149
198357
198542
199101
199345
199642
199697
200644
200914
201298
201901
203399
203504
20356
20468
205478
206445
20644
20893
209688
211416
213310
214868
21552
216032
216149
216397
216446
217902
218452
218670
219449
219784
219981
220009
220088
220363
220440
220954
221588
222404
224630
224889
2261
22663
23249
23319
23817
2436
2486
25025
25165
25274
25477
26311
2637
26526
26846
26967
27442
27482
27639
27697
28305
28413
28749
28
29085
29503
30080
30338
31312
31398
31421
31767
32820
32887
3346
33554
33856
33872
34334
34450
35536
36167
36678
3712
37160
37984
38944
39003
39364
39400
39425
39523
39853
40035
40091
40808
41047
4128
41312
42540
42633
4301
43785
44951
45018
4502
45669
45866
46037
46184
46815
47174
47182
47205
47536
47667
47914
4815
48217
48433
49293
49517
49520
49877
49968
50235
50310
5112
5234
52960
52976
53287
53501
53510
5462
54716
55526
55775
55865
57423
57646
5848
59294
59311
59381
59717
60522
6112
61248
61294
61338
61603
6186
61935
62044
62285
62689
62721
62902
63295
63696
63697
63744
64307
65662
65695
66141
67582
6805
6953
70272
70555
71093
71095
71701
71878
72094
720
73108
7318
73471
73603
74442
74860
75691
76110
76351
7647
77800
77996
787
79354
79554
80493
81146
81420
81799
81817
82308
82381
82660
82668
83126
83425
83618
83787
8388
8498
8512
85503
86378
8705
87837
8810
89388
89682
89998
90957
91056
9138
92305
92523
92682
9362
93813
94247
94264
94336
95212
95272
95314
95578
96833
9692
97576
98118
98262
99167
9927
99998
